#! /c/Source/iverilog-install/bin/vvp
:ivl_version "12.0 (devel)" "(s20150603-1539-g2693dd32b)";
:ivl_delay_selection "TYPICAL";
:vpi_time_precision - 9;
:vpi_module "E:\iverilog\lib\ivl\system.vpi";
:vpi_module "E:\iverilog\lib\ivl\vhdl_sys.vpi";
:vpi_module "E:\iverilog\lib\ivl\vhdl_textio.vpi";
:vpi_module "E:\iverilog\lib\ivl\v2005_math.vpi";
:vpi_module "E:\iverilog\lib\ivl\va_math.vpi";
S_0000025f4e51e820 .scope module, "tb" "tb" 2 4;
 .timescale -9 -9;
v0000025f4e8ed380_0 .var "clk", 0 0;
v0000025f4e8ecf20_0 .var "rest", 0 0;
v0000025f4e8ecfc0_0 .net "x26", 0 0, L_0000025f4e8ebb20;  1 drivers
v0000025f4e8eb9e0_0 .net "x27", 0 0, L_0000025f4e8ebbc0;  1 drivers
v0000025f4e8eb800_0 .net "x3", 0 0, L_0000025f4e8eba80;  1 drivers
v0000025f4e8e8a00_3 .array/port v0000025f4e8e8a00, 3;
L_0000025f4e8eba80 .part v0000025f4e8e8a00_3, 0, 1;
v0000025f4e8e8a00_26 .array/port v0000025f4e8e8a00, 26;
L_0000025f4e8ebb20 .part v0000025f4e8e8a00_26, 0, 1;
v0000025f4e8e8a00_27 .array/port v0000025f4e8e8a00, 27;
L_0000025f4e8ebbc0 .part v0000025f4e8e8a00_27, 0, 1;
S_0000025f4e87da50 .scope module, "u_cpu_top" "cpu_top" 2 70, 3 3 0, S_0000025f4e51e820;
 .timescale -9 -9;
    .port_info 0 /INPUT 1 "clk";
    .port_info 1 /INPUT 1 "rest";
v0000025f4e8ecde0_0 .net "clk", 0 0, v0000025f4e8ed380_0;  1 drivers
v0000025f4e8ec0c0_0 .net "if2rom_ins_o", 31 0, L_0000025f4e4c3950;  1 drivers
v0000025f4e8ed2e0_0 .net "rest", 0 0, v0000025f4e8ecf20_0;  1 drivers
v0000025f4e8eb580_0 .net "rom2if_ins_o", 31 0, L_0000025f4e9499f0;  1 drivers
S_0000025f4e87e900 .scope module, "u_cpu_core" "cpu_core" 3 10, 4 3 0, S_0000025f4e87da50;
 .timescale -9 -9;
    .port_info 0 /INPUT 1 "clk";
    .port_info 1 /INPUT 1 "rest";
    .port_info 2 /INPUT 32 "rom2if_ins_i";
    .port_info 3 /OUTPUT 32 "if2rom_ins_o";
v0000025f4e8e8dc0_0 .net "clk", 0 0, v0000025f4e8ed380_0;  alias, 1 drivers
v0000025f4e8e8e60_0 .net "cu2_refresh_flag_o", 0 0, v0000025f4e873b50_0;  1 drivers
v0000025f4e8e8460_0 .net "cu2ex_wb_en_o", 0 0, v0000025f4e8742d0_0;  1 drivers
v0000025f4e8e7d80_0 .net "cu2pc_jump_en_o", 0 0, v0000025f4e874550_0;  1 drivers
v0000025f4e8e86e0_0 .net "ex2cu_jump_en_o", 0 0, v0000025f4e8d1230_0;  1 drivers
v0000025f4e8e8960_0 .net "ex2pc_jump_addr_o", 31 0, v0000025f4e8cf4d0_0;  1 drivers
v0000025f4e8e7ec0_0 .net "ex2regs_rd_addr_o", 4 0, v0000025f4e8d0d30_0;  1 drivers
v0000025f4e8e8f00_0 .net "ex2regs_rd_data_o", 31 0, v0000025f4e8d0c90_0;  1 drivers
v0000025f4e8e7f60_0 .net "ex2regs_wb_en_o", 0 0, v0000025f4e8d03d0_0;  1 drivers
v0000025f4e8e8780_0 .net "id2cu_wb_en_o", 0 0, v0000025f4e8e0530_0;  1 drivers
v0000025f4e8e9220_0 .net "id2idex_addr_o", 31 0, v0000025f4e8e11b0_0;  1 drivers
v0000025f4e8e8be0_0 .net "id2idex_funct3_o", 2 0, L_0000025f4e9471e0;  1 drivers
v0000025f4e8e8fa0_0 .net "id2idex_imm_i_o", 31 0, v0000025f4e8e2290_0;  1 drivers
v0000025f4e8e90e0_0 .net "id2idex_imm_sb_o", 31 0, v0000025f4e8e2330_0;  1 drivers
v0000025f4e8e9180_0 .net "id2idex_imm_uj_o", 31 0, v0000025f4e8e1cf0_0;  1 drivers
v0000025f4e8e7e20_0 .net "id2idex_ins_o", 31 0, v0000025f4e8e14d0_0;  1 drivers
v0000025f4e8e92c0_0 .net "id2idex_opcode_o", 6 0, L_0000025f4e947a00;  1 drivers
v0000025f4e8e9360_0 .net "id2idex_rd_addr_o", 4 0, v0000025f4e8e1610_0;  1 drivers
v0000025f4e8ebda0_0 .net "id2idex_rd_o", 4 0, L_0000025f4e9455c0;  1 drivers
v0000025f4e8eb6c0_0 .net "id2idex_rs1_o", 4 0, L_0000025f4e9462e0;  1 drivers
v0000025f4e8ec520_0 .net "id2idex_rs2_o", 4 0, L_0000025f4e946ba0;  1 drivers
v0000025f4e8ecb60_0 .net "id2idex_source1_o", 31 0, v0000025f4e8e16b0_0;  1 drivers
v0000025f4e8eb760_0 .net "id2idex_source2_o", 31 0, v0000025f4e8e1750_0;  1 drivers
v0000025f4e8ecc00_0 .net "id2regs_rs1_addr_o", 4 0, v0000025f4e8e0990_0;  1 drivers
v0000025f4e8eca20_0 .net "id2regs_rs2_addr_o", 4 0, v0000025f4e8e1bb0_0;  1 drivers
v0000025f4e8ecac0_0 .net "idex2ex_addr_o", 31 0, v0000025f4e8d1620_0;  1 drivers
v0000025f4e8ec020_0 .net "idex2ex_funct3_o", 2 0, v0000025f4e8cf610_0;  1 drivers
v0000025f4e8ec200_0 .net "idex2ex_id_ins_o", 31 0, v0000025f4e8d2160_0;  1 drivers
v0000025f4e8ece80_0 .net "idex2ex_imm_i_o", 31 0, v0000025f4e8d18a0_0;  1 drivers
v0000025f4e8eb620_0 .net "idex2ex_imm_sb_o", 31 0, v0000025f4e8d2340_0;  1 drivers
v0000025f4e8ed240_0 .net "idex2ex_imm_uj_o", 31 0, v0000025f4e8d1da0_0;  1 drivers
v0000025f4e8ec8e0_0 .net "idex2ex_opcode_o", 6 0, v0000025f4e8d1440_0;  1 drivers
v0000025f4e8ebee0_0 .net "idex2ex_rd_addr_o", 4 0, v0000025f4e8d2c00_0;  1 drivers
v0000025f4e8ecca0_0 .net "idex2ex_rd_o", 4 0, v0000025f4e8df4c0_0;  1 drivers
v0000025f4e8ebe40_0 .net "idex2ex_rs1_o", 4 0, v0000025f4e8de480_0;  1 drivers
v0000025f4e8ebd00_0 .net "idex2ex_rs2_o", 4 0, v0000025f4e8de840_0;  1 drivers
v0000025f4e8ed060_0 .net "idex2ex_source1_o", 31 0, v0000025f4e8cfc50_0;  1 drivers
v0000025f4e8ecd40_0 .net "idex2ex_source2_o", 31 0, v0000025f4e8d1e40_0;  1 drivers
v0000025f4e8ed100_0 .net "if2ifid_addr_o", 31 0, L_0000025f4e4c3b80;  1 drivers
v0000025f4e8ec160_0 .net "if2ifid_ins_o", 31 0, L_0000025f4e4c3aa0;  1 drivers
v0000025f4e8ec2a0_0 .net "if2rom_ins_o", 31 0, L_0000025f4e4c3950;  alias, 1 drivers
v0000025f4e8eb940_0 .net "ifid2id_addr_o", 31 0, v0000025f4e8e08f0_0;  1 drivers
v0000025f4e8ec840_0 .net "ifid2id_ins_o", 31 0, v0000025f4e8e1390_0;  1 drivers
v0000025f4e8eb4e0_0 .net "pc2if_addr_o", 31 0, v0000025f4e8e7740_0;  1 drivers
v0000025f4e8ec980_0 .net "regs2id_rs1_data_o", 31 0, v0000025f4e8e7b00_0;  1 drivers
v0000025f4e8ec340_0 .net "regs2id_rs2_data_o", 31 0, v0000025f4e8e8280_0;  1 drivers
v0000025f4e8ec5c0_0 .net "rest", 0 0, v0000025f4e8ecf20_0;  alias, 1 drivers
v0000025f4e8ec660_0 .net "rom2if_ins_i", 31 0, L_0000025f4e9499f0;  alias, 1 drivers
S_0000025f4e87ea90 .scope module, "u_CU" "CU" 4 191, 5 3 0, S_0000025f4e87e900;
 .timescale -9 -9;
    .port_info 0 /INPUT 1 "clk";
    .port_info 1 /INPUT 1 "rest";
    .port_info 2 /INPUT 1 "ex2cu_jump_en_i";
    .port_info 3 /OUTPUT 1 "cu2_refresh_flag_o";
    .port_info 4 /OUTPUT 1 "cu2pc_jump_en_o";
    .port_info 5 /INPUT 1 "id2cu_wb_en_i";
    .port_info 6 /OUTPUT 1 "cu2ex_wb_en_o";
v0000025f4e873d30_0 .net "clk", 0 0, v0000025f4e8ed380_0;  alias, 1 drivers
v0000025f4e873b50_0 .var "cu2_refresh_flag_o", 0 0;
v0000025f4e8742d0_0 .var "cu2ex_wb_en_o", 0 0;
v0000025f4e874550_0 .var "cu2pc_jump_en_o", 0 0;
v0000025f4e874ff0_0 .net "ex2cu_jump_en_i", 0 0, v0000025f4e8d1230_0;  alias, 1 drivers
v0000025f4e874870_0 .net "id2cu_wb_en_i", 0 0, v0000025f4e8e0530_0;  alias, 1 drivers
v0000025f4e8740f0_0 .net "rest", 0 0, v0000025f4e8ecf20_0;  alias, 1 drivers
E_0000025f4e516820 .event posedge, v0000025f4e873d30_0;
E_0000025f4e516b20 .event anyedge, v0000025f4e874ff0_0;
S_0000025f4e4692c0 .scope module, "u_EXU" "EXU" 4 148, 6 4 0, S_0000025f4e87e900;
 .timescale -9 -9;
    .port_info 0 /INPUT 32 "idex2ex_id_ins_i";
    .port_info 1 /INPUT 32 "idex2ex_id_addr_i";
    .port_info 2 /INPUT 32 "idex2ex_source1_i";
    .port_info 3 /INPUT 32 "idex2ex_source2_i";
    .port_info 4 /INPUT 5 "idex2ex_rd_addr_i";
    .port_info 5 /INPUT 7 "idex2ex_opcode_i";
    .port_info 6 /INPUT 5 "idex2ex_rd_i";
    .port_info 7 /INPUT 5 "idex2ex_rs1_i";
    .port_info 8 /INPUT 5 "idex2ex_rs2_i";
    .port_info 9 /INPUT 3 "idex2ex_funct3_i";
    .port_info 10 /INPUT 32 "idex2ex_imm_i_i";
    .port_info 11 /INPUT 32 "idex2ex_imm_sb_i";
    .port_info 12 /INPUT 32 "idex2ex_imm_uj_i";
    .port_info 13 /OUTPUT 5 "ex2regs_rd_addr_o";
    .port_info 14 /OUTPUT 32 "ex2regs_rd_data_o";
    .port_info 15 /OUTPUT 1 "ex2regs_wb_en_o";
    .port_info 16 /OUTPUT 32 "ex2pc_jump_addr_o";
    .port_info 17 /OUTPUT 1 "ex2cu_jump_en_o";
    .port_info 18 /INPUT 1 "cu2ex_wb_en_i";
v0000025f4e8d0510_0 .net "ALU_add", 31 0, L_0000025f4e946100;  1 drivers
v0000025f4e8cff70_0 .net "ALU_and", 31 0, L_0000025f4e4c3cd0;  1 drivers
v0000025f4e8cfd90_0 .net "ALU_beq", 0 0, L_0000025f4e947140;  1 drivers
v0000025f4e8d0f10_0 .net "ALU_bge", 0 0, L_0000025f4e946d80;  1 drivers
v0000025f4e8cf570_0 .net "ALU_bgeu", 0 0, L_0000025f4e9466a0;  1 drivers
v0000025f4e8d06f0_0 .net "ALU_blt", 0 0, L_0000025f4e946560;  1 drivers
v0000025f4e8cf750_0 .net "ALU_bltu", 0 0, L_0000025f4e947320;  1 drivers
v0000025f4e8d0330_0 .net "ALU_bne", 0 0, L_0000025f4e947500;  1 drivers
v0000025f4e8cf890_0 .net "ALU_or", 31 0, L_0000025f4e4c3100;  1 drivers
v0000025f4e8d0150_0 .net "ALU_sll", 31 0, L_0000025f4e9476e0;  1 drivers
v0000025f4e8d0b50_0 .net "ALU_srl", 31 0, L_0000025f4e945ac0;  1 drivers
v0000025f4e8cfe30_0 .net "ALU_stl", 31 0, L_0000025f4e947460;  1 drivers
v0000025f4e8d12d0_0 .net "ALU_stlu", 31 0, L_0000025f4e9469c0;  1 drivers
v0000025f4e8d0bf0_0 .net "ALU_sub", 31 0, L_0000025f4e9470a0;  1 drivers
v0000025f4e8d0010_0 .net "ALU_xor", 31 0, L_0000025f4e94a0f0;  1 drivers
v0000025f4e8d0a10_0 .net "cu2ex_wb_en_i", 0 0, v0000025f4e8742d0_0;  alias, 1 drivers
v0000025f4e8d1230_0 .var "ex2cu_jump_en_o", 0 0;
v0000025f4e8cf4d0_0 .var "ex2pc_jump_addr_o", 31 0;
v0000025f4e8d0d30_0 .var "ex2regs_rd_addr_o", 4 0;
v0000025f4e8d0c90_0 .var "ex2regs_rd_data_o", 31 0;
v0000025f4e8d03d0_0 .var "ex2regs_wb_en_o", 0 0;
v0000025f4e8d0fb0_0 .net "idex2ex_funct3_i", 2 0, v0000025f4e8cf610_0;  alias, 1 drivers
v0000025f4e8cf6b0_0 .net "idex2ex_id_addr_i", 31 0, v0000025f4e8d1620_0;  alias, 1 drivers
v0000025f4e8cfb10_0 .net "idex2ex_id_ins_i", 31 0, v0000025f4e8d2160_0;  alias, 1 drivers
v0000025f4e8cf7f0_0 .net "idex2ex_imm_i_i", 31 0, v0000025f4e8d18a0_0;  alias, 1 drivers
v0000025f4e8d0dd0_0 .net "idex2ex_imm_sb_i", 31 0, v0000025f4e8d2340_0;  alias, 1 drivers
v0000025f4e8d0790_0 .net "idex2ex_imm_uj_i", 31 0, v0000025f4e8d1da0_0;  alias, 1 drivers
v0000025f4e8cf930_0 .net "idex2ex_opcode_i", 6 0, v0000025f4e8d1440_0;  alias, 1 drivers
v0000025f4e8d0290_0 .net "idex2ex_rd_addr_i", 4 0, v0000025f4e8d2c00_0;  alias, 1 drivers
v0000025f4e8cfa70_0 .net "idex2ex_rd_i", 4 0, v0000025f4e8df4c0_0;  alias, 1 drivers
v0000025f4e8d0830_0 .net "idex2ex_rs1_i", 4 0, v0000025f4e8de480_0;  alias, 1 drivers
v0000025f4e8cf9d0_0 .net "idex2ex_rs2_i", 4 0, v0000025f4e8de840_0;  alias, 1 drivers
v0000025f4e8cfbb0_0 .net "idex2ex_source1_i", 31 0, v0000025f4e8cfc50_0;  alias, 1 drivers
v0000025f4e8d0e70_0 .net "idex2ex_source2_i", 31 0, v0000025f4e8d1e40_0;  alias, 1 drivers
E_0000025f4e5169e0/0 .event anyedge, v0000025f4e8742d0_0, v0000025f4e8cf930_0, v0000025f4e8d0fb0_0, v0000025f4e8d0290_0;
E_0000025f4e5169e0/1 .event anyedge, v0000025f4e873c90_0, v0000025f4e874f50_0, v0000025f4e874a50_0, v0000025f4e873510_0;
E_0000025f4e5169e0/2 .event anyedge, v0000025f4e8747d0_0, v0000025f4e873dd0_0, v0000025f4e873150_0, v0000025f4e8749b0_0;
E_0000025f4e5169e0/3 .event anyedge, v0000025f4e874690_0, v0000025f4e8cf6b0_0, v0000025f4e8d0dd0_0, v0000025f4e874d70_0;
E_0000025f4e5169e0/4 .event anyedge, v0000025f4e874230_0, v0000025f4e874050_0, v0000025f4e874730_0, v0000025f4e874190_0;
E_0000025f4e5169e0/5 .event anyedge, v0000025f4e8d0790_0;
E_0000025f4e5169e0 .event/or E_0000025f4e5169e0/0, E_0000025f4e5169e0/1, E_0000025f4e5169e0/2, E_0000025f4e5169e0/3, E_0000025f4e5169e0/4, E_0000025f4e5169e0/5;
S_0000025f4e469450 .scope module, "u_ALU" "ALU" 6 51, 7 3 0, S_0000025f4e4692c0;
 .timescale -9 -9;
    .port_info 0 /INPUT 32 "ALU_source1";
    .port_info 1 /INPUT 32 "ALU_source2";
    .port_info 2 /OUTPUT 32 "ALU_add";
    .port_info 3 /OUTPUT 32 "ALU_sub";
    .port_info 4 /OUTPUT 32 "ALU_and";
    .port_info 5 /OUTPUT 32 "ALU_or";
    .port_info 6 /OUTPUT 32 "ALU_xor";
    .port_info 7 /OUTPUT 32 "ALU_sll";
    .port_info 8 /OUTPUT 32 "ALU_srl";
    .port_info 9 /OUTPUT 32 "ALU_stl";
    .port_info 10 /OUTPUT 32 "ALU_stlu";
    .port_info 11 /OUTPUT 1 "ALU_beq";
    .port_info 12 /OUTPUT 1 "ALU_bne";
    .port_info 13 /OUTPUT 1 "ALU_blt";
    .port_info 14 /OUTPUT 1 "ALU_bge";
    .port_info 15 /OUTPUT 1 "ALU_bltu";
    .port_info 16 /OUTPUT 1 "ALU_bgeu";
L_0000025f4e4c3cd0 .functor AND 32, v0000025f4e8cfc50_0, v0000025f4e8d1e40_0, C4<11111111111111111111111111111111>, C4<11111111111111111111111111111111>;
L_0000025f4e4c3100 .functor OR 32, v0000025f4e8cfc50_0, v0000025f4e8d1e40_0, C4<00000000000000000000000000000000>, C4<00000000000000000000000000000000>;
L_0000025f4e94a0f0 .functor XOR 32, v0000025f4e8cfc50_0, v0000025f4e8d1e40_0, C4<00000000000000000000000000000000>, C4<00000000000000000000000000000000>;
v0000025f4e873c90_0 .net "ALU_add", 31 0, L_0000025f4e946100;  alias, 1 drivers
v0000025f4e873dd0_0 .net "ALU_and", 31 0, L_0000025f4e4c3cd0;  alias, 1 drivers
v0000025f4e874690_0 .net "ALU_beq", 0 0, L_0000025f4e947140;  alias, 1 drivers
v0000025f4e874050_0 .net "ALU_bge", 0 0, L_0000025f4e946d80;  alias, 1 drivers
v0000025f4e874190_0 .net "ALU_bgeu", 0 0, L_0000025f4e9466a0;  alias, 1 drivers
v0000025f4e874230_0 .net "ALU_blt", 0 0, L_0000025f4e946560;  alias, 1 drivers
v0000025f4e874730_0 .net "ALU_bltu", 0 0, L_0000025f4e947320;  alias, 1 drivers
v0000025f4e874d70_0 .net "ALU_bne", 0 0, L_0000025f4e947500;  alias, 1 drivers
v0000025f4e8747d0_0 .net "ALU_or", 31 0, L_0000025f4e4c3100;  alias, 1 drivers
v0000025f4e873150_0 .net "ALU_sll", 31 0, L_0000025f4e9476e0;  alias, 1 drivers
v0000025f4e873f10_0 .net "ALU_source1", 31 0, v0000025f4e8cfc50_0;  alias, 1 drivers
v0000025f4e874910_0 .net "ALU_source2", 31 0, v0000025f4e8d1e40_0;  alias, 1 drivers
v0000025f4e8749b0_0 .net "ALU_srl", 31 0, L_0000025f4e945ac0;  alias, 1 drivers
v0000025f4e874f50_0 .net "ALU_stl", 31 0, L_0000025f4e947460;  alias, 1 drivers
v0000025f4e874a50_0 .net "ALU_stlu", 31 0, L_0000025f4e9469c0;  alias, 1 drivers
v0000025f4e8731f0_0 .net "ALU_sub", 31 0, L_0000025f4e9470a0;  alias, 1 drivers
v0000025f4e873510_0 .net "ALU_xor", 31 0, L_0000025f4e94a0f0;  alias, 1 drivers
L_0000025f4e8edb20 .functor BUFT 1, C4<000000>, C4<0>, C4<0>, C4<0>;
v0000025f4e874af0_0 .net/2u *"_ivl_10", 5 0, L_0000025f4e8edb20;  1 drivers
v0000025f4e874cd0_0 .net *"_ivl_13", 5 0, L_0000025f4e9473c0;  1 drivers
v0000025f4e874eb0_0 .net *"_ivl_14", 11 0, L_0000025f4e9461a0;  1 drivers
L_0000025f4e8edb68 .functor BUFT 1, C4<000000>, C4<0>, C4<0>, C4<0>;
v0000025f4e873290_0 .net/2u *"_ivl_18", 5 0, L_0000025f4e8edb68;  1 drivers
v0000025f4e873330_0 .net *"_ivl_21", 5 0, L_0000025f4e946920;  1 drivers
v0000025f4e8733d0_0 .net *"_ivl_22", 11 0, L_0000025f4e9457a0;  1 drivers
v0000025f4e873470_0 .net *"_ivl_26", 0 0, L_0000025f4e947280;  1 drivers
L_0000025f4e8edbb0 .functor BUFT 1, C4<00000000000000000000000000000001>, C4<0>, C4<0>, C4<0>;
v0000025f4e8735b0_0 .net/2u *"_ivl_28", 31 0, L_0000025f4e8edbb0;  1 drivers
L_0000025f4e8edbf8 .functor BUFT 1, C4<00000000000000000000000000000000>, C4<0>, C4<0>, C4<0>;
v0000025f4e873830_0 .net/2u *"_ivl_30", 31 0, L_0000025f4e8edbf8;  1 drivers
v0000025f4e865310_0 .net *"_ivl_34", 0 0, L_0000025f4e945ca0;  1 drivers
L_0000025f4e8edc40 .functor BUFT 1, C4<00000000000000000000000000000001>, C4<0>, C4<0>, C4<0>;
v0000025f4e864ff0_0 .net/2u *"_ivl_36", 31 0, L_0000025f4e8edc40;  1 drivers
L_0000025f4e8edc88 .functor BUFT 1, C4<00000000000000000000000000000000>, C4<0>, C4<0>, C4<0>;
v0000025f4e8654f0_0 .net/2u *"_ivl_38", 31 0, L_0000025f4e8edc88;  1 drivers
v0000025f4e865b30_0 .net *"_ivl_42", 0 0, L_0000025f4e946c40;  1 drivers
L_0000025f4e8edcd0 .functor BUFT 1, C4<1>, C4<0>, C4<0>, C4<0>;
v0000025f4e864730_0 .net/2u *"_ivl_44", 0 0, L_0000025f4e8edcd0;  1 drivers
L_0000025f4e8edd18 .functor BUFT 1, C4<0>, C4<0>, C4<0>, C4<0>;
v0000025f4e864870_0 .net/2u *"_ivl_46", 0 0, L_0000025f4e8edd18;  1 drivers
v0000025f4e865c70_0 .net *"_ivl_50", 0 0, L_0000025f4e945c00;  1 drivers
L_0000025f4e8edd60 .functor BUFT 1, C4<1>, C4<0>, C4<0>, C4<0>;
v0000025f4e865db0_0 .net/2u *"_ivl_52", 0 0, L_0000025f4e8edd60;  1 drivers
L_0000025f4e8edda8 .functor BUFT 1, C4<0>, C4<0>, C4<0>, C4<0>;
v0000025f4e865ef0_0 .net/2u *"_ivl_54", 0 0, L_0000025f4e8edda8;  1 drivers
v0000025f4e864910_0 .net *"_ivl_58", 0 0, L_0000025f4e946240;  1 drivers
L_0000025f4e8eddf0 .functor BUFT 1, C4<1>, C4<0>, C4<0>, C4<0>;
v0000025f4e865f90_0 .net/2u *"_ivl_60", 0 0, L_0000025f4e8eddf0;  1 drivers
L_0000025f4e8ede38 .functor BUFT 1, C4<0>, C4<0>, C4<0>, C4<0>;
v0000025f4e864af0_0 .net/2u *"_ivl_62", 0 0, L_0000025f4e8ede38;  1 drivers
v0000025f4e504740_0 .net *"_ivl_66", 0 0, L_0000025f4e946e20;  1 drivers
L_0000025f4e8ede80 .functor BUFT 1, C4<1>, C4<0>, C4<0>, C4<0>;
v0000025f4e504600_0 .net/2u *"_ivl_68", 0 0, L_0000025f4e8ede80;  1 drivers
L_0000025f4e8edec8 .functor BUFT 1, C4<0>, C4<0>, C4<0>, C4<0>;
v0000025f4e8d05b0_0 .net/2u *"_ivl_70", 0 0, L_0000025f4e8edec8;  1 drivers
v0000025f4e8cfcf0_0 .net *"_ivl_74", 0 0, L_0000025f4e946ce0;  1 drivers
L_0000025f4e8edf10 .functor BUFT 1, C4<1>, C4<0>, C4<0>, C4<0>;
v0000025f4e8cfed0_0 .net/2u *"_ivl_76", 0 0, L_0000025f4e8edf10;  1 drivers
L_0000025f4e8edf58 .functor BUFT 1, C4<0>, C4<0>, C4<0>, C4<0>;
v0000025f4e8d0650_0 .net/2u *"_ivl_78", 0 0, L_0000025f4e8edf58;  1 drivers
v0000025f4e8d0470_0 .net *"_ivl_82", 0 0, L_0000025f4e946ec0;  1 drivers
L_0000025f4e8edfa0 .functor BUFT 1, C4<1>, C4<0>, C4<0>, C4<0>;
v0000025f4e8cf430_0 .net/2u *"_ivl_84", 0 0, L_0000025f4e8edfa0;  1 drivers
L_0000025f4e8edfe8 .functor BUFT 1, C4<0>, C4<0>, C4<0>, C4<0>;
v0000025f4e8d0ab0_0 .net/2u *"_ivl_86", 0 0, L_0000025f4e8edfe8;  1 drivers
L_0000025f4e946100 .arith/sum 32, v0000025f4e8cfc50_0, v0000025f4e8d1e40_0;
L_0000025f4e9470a0 .arith/sub 32, v0000025f4e8cfc50_0, v0000025f4e8d1e40_0;
L_0000025f4e9473c0 .part v0000025f4e8d1e40_0, 0, 6;
L_0000025f4e9461a0 .concat [ 6 6 0 0], L_0000025f4e9473c0, L_0000025f4e8edb20;
L_0000025f4e9476e0 .shift/l 32, v0000025f4e8cfc50_0, L_0000025f4e9461a0;
L_0000025f4e946920 .part v0000025f4e8d1e40_0, 0, 6;
L_0000025f4e9457a0 .concat [ 6 6 0 0], L_0000025f4e946920, L_0000025f4e8edb68;
L_0000025f4e945ac0 .shift/r 32, v0000025f4e8cfc50_0, L_0000025f4e9457a0;
L_0000025f4e947280 .cmp/gt.s 32, v0000025f4e8d1e40_0, v0000025f4e8cfc50_0;
L_0000025f4e947460 .functor MUXZ 32, L_0000025f4e8edbf8, L_0000025f4e8edbb0, L_0000025f4e947280, C4<>;
L_0000025f4e945ca0 .cmp/gt 32, v0000025f4e8d1e40_0, v0000025f4e8cfc50_0;
L_0000025f4e9469c0 .functor MUXZ 32, L_0000025f4e8edc88, L_0000025f4e8edc40, L_0000025f4e945ca0, C4<>;
L_0000025f4e946c40 .cmp/eq 32, v0000025f4e8cfc50_0, v0000025f4e8d1e40_0;
L_0000025f4e947140 .functor MUXZ 1, L_0000025f4e8edd18, L_0000025f4e8edcd0, L_0000025f4e946c40, C4<>;
L_0000025f4e945c00 .cmp/ne 32, v0000025f4e8cfc50_0, v0000025f4e8d1e40_0;
L_0000025f4e947500 .functor MUXZ 1, L_0000025f4e8edda8, L_0000025f4e8edd60, L_0000025f4e945c00, C4<>;
L_0000025f4e946240 .cmp/gt.s 32, v0000025f4e8d1e40_0, v0000025f4e8cfc50_0;
L_0000025f4e946560 .functor MUXZ 1, L_0000025f4e8ede38, L_0000025f4e8eddf0, L_0000025f4e946240, C4<>;
L_0000025f4e946e20 .cmp/ge.s 32, v0000025f4e8cfc50_0, v0000025f4e8d1e40_0;
L_0000025f4e946d80 .functor MUXZ 1, L_0000025f4e8edec8, L_0000025f4e8ede80, L_0000025f4e946e20, C4<>;
L_0000025f4e946ce0 .cmp/gt 32, v0000025f4e8d1e40_0, v0000025f4e8cfc50_0;
L_0000025f4e947320 .functor MUXZ 1, L_0000025f4e8edf58, L_0000025f4e8edf10, L_0000025f4e946ce0, C4<>;
L_0000025f4e946ec0 .cmp/ge 32, v0000025f4e8cfc50_0, v0000025f4e8d1e40_0;
L_0000025f4e9466a0 .functor MUXZ 1, L_0000025f4e8edfe8, L_0000025f4e8edfa0, L_0000025f4e946ec0, C4<>;
S_0000025f4e458410 .scope module, "u_IDEXU" "IDEXU" 4 109, 8 3 0, S_0000025f4e87e900;
 .timescale -9 -9;
    .port_info 0 /INPUT 1 "clk";
    .port_info 1 /INPUT 1 "rest";
    .port_info 2 /INPUT 32 "id2idex_source1_i";
    .port_info 3 /INPUT 32 "id2idex_source2_i";
    .port_info 4 /INPUT 32 "id2idex_ins_i";
    .port_info 5 /INPUT 32 "id2idex_addr_i";
    .port_info 6 /INPUT 5 "id2idex_rd_addr_i";
    .port_info 7 /INPUT 7 "id2idex_opcode_i";
    .port_info 8 /INPUT 5 "id2idex_rd_i";
    .port_info 9 /INPUT 5 "id2idex_rs1_i";
    .port_info 10 /INPUT 5 "id2idex_rs2_i";
    .port_info 11 /INPUT 3 "id2idex_funct3_i";
    .port_info 12 /INPUT 32 "id2idex_imm_i_i";
    .port_info 13 /OUTPUT 32 "id2idex_imm_sb_i";
    .port_info 14 /OUTPUT 32 "id2idex_imm_uj_i";
    .port_info 15 /OUTPUT 32 "idex2ex_source1_o";
    .port_info 16 /OUTPUT 32 "idex2ex_source2_o";
    .port_info 17 /OUTPUT 32 "idex2ex_id_ins_o";
    .port_info 18 /OUTPUT 32 "idex2ex_addr_o";
    .port_info 19 /OUTPUT 5 "idex2ex_rd_addr_o";
    .port_info 20 /OUTPUT 7 "idex2ex_opcode_o";
    .port_info 21 /OUTPUT 5 "idex2ex_rd_o";
    .port_info 22 /OUTPUT 5 "idex2ex_rs1_o";
    .port_info 23 /OUTPUT 5 "idex2ex_rs2_o";
    .port_info 24 /OUTPUT 3 "idex2ex_funct3_o";
    .port_info 25 /OUTPUT 32 "idex2ex_imm_i_o";
    .port_info 26 /OUTPUT 32 "idex2ex_imm_sb_o";
    .port_info 27 /OUTPUT 32 "idex2ex_imm_uj_o";
    .port_info 28 /INPUT 1 "cu2_refresh_flag_i";
L_0000025f4e8ed6a0 .functor BUFT 1, C4<1>, C4<0>, C4<0>, C4<0>;
L_0000025f4e4c3090 .functor XNOR 1, v0000025f4e873b50_0, L_0000025f4e8ed6a0, C4<0>, C4<0>;
v0000025f4e8e0320_0 .net/2u *"_ivl_0", 0 0, L_0000025f4e8ed6a0;  1 drivers
v0000025f4e8deb60_0 .net *"_ivl_2", 0 0, L_0000025f4e4c3090;  1 drivers
L_0000025f4e8ed6e8 .functor BUFT 1, C4<1>, C4<0>, C4<0>, C4<0>;
v0000025f4e8dfce0_0 .net/2u *"_ivl_4", 0 0, L_0000025f4e8ed6e8;  1 drivers
L_0000025f4e8ed730 .functor BUFT 1, C4<0>, C4<0>, C4<0>, C4<0>;
v0000025f4e8df240_0 .net/2u *"_ivl_6", 0 0, L_0000025f4e8ed730;  1 drivers
v0000025f4e8df6a0_0 .net "clk", 0 0, v0000025f4e8ed380_0;  alias, 1 drivers
v0000025f4e8defc0_0 .net "cu2_refresh_flag_i", 0 0, v0000025f4e873b50_0;  alias, 1 drivers
v0000025f4e8dee80_0 .net "id2idex_addr_i", 31 0, v0000025f4e8e11b0_0;  alias, 1 drivers
v0000025f4e8df740_0 .net "id2idex_funct3_i", 2 0, L_0000025f4e9471e0;  alias, 1 drivers
v0000025f4e8df060_0 .net "id2idex_imm_i_i", 31 0, v0000025f4e8e2290_0;  alias, 1 drivers
v0000025f4e8df1a0_0 .net "id2idex_imm_sb_i", 31 0, v0000025f4e8e2330_0;  alias, 1 drivers
v0000025f4e8dfe20_0 .net "id2idex_imm_uj_i", 31 0, v0000025f4e8e1cf0_0;  alias, 1 drivers
v0000025f4e8de5c0_0 .net "id2idex_ins_i", 31 0, v0000025f4e8e14d0_0;  alias, 1 drivers
v0000025f4e8dfd80_0 .net "id2idex_opcode_i", 6 0, L_0000025f4e947a00;  alias, 1 drivers
v0000025f4e8de700_0 .net "id2idex_rd_addr_i", 4 0, v0000025f4e8e1610_0;  alias, 1 drivers
v0000025f4e8df2e0_0 .net "id2idex_rd_i", 4 0, L_0000025f4e9455c0;  alias, 1 drivers
v0000025f4e8dff60_0 .net "id2idex_rs1_i", 4 0, L_0000025f4e9462e0;  alias, 1 drivers
v0000025f4e8dea20_0 .net "id2idex_rs2_i", 4 0, L_0000025f4e946ba0;  alias, 1 drivers
v0000025f4e8e01e0_0 .net "id2idex_source1_i", 31 0, v0000025f4e8e16b0_0;  alias, 1 drivers
v0000025f4e8e0000_0 .net "id2idex_source2_i", 31 0, v0000025f4e8e1750_0;  alias, 1 drivers
v0000025f4e8df7e0_0 .net "idex2ex_addr_o", 31 0, v0000025f4e8d1620_0;  alias, 1 drivers
v0000025f4e8df560_0 .net "idex2ex_funct3_o", 2 0, v0000025f4e8cf610_0;  alias, 1 drivers
v0000025f4e8df880_0 .net "idex2ex_id_ins_o", 31 0, v0000025f4e8d2160_0;  alias, 1 drivers
v0000025f4e8df920_0 .net "idex2ex_imm_i_o", 31 0, v0000025f4e8d18a0_0;  alias, 1 drivers
v0000025f4e8df9c0_0 .net "idex2ex_imm_sb_o", 31 0, v0000025f4e8d2340_0;  alias, 1 drivers
v0000025f4e8dfb00_0 .net "idex2ex_imm_uj_o", 31 0, v0000025f4e8d1da0_0;  alias, 1 drivers
v0000025f4e8dfba0_0 .net "idex2ex_opcode_o", 6 0, v0000025f4e8d1440_0;  alias, 1 drivers
v0000025f4e8dfc40_0 .net "idex2ex_rd_addr_o", 4 0, v0000025f4e8d2c00_0;  alias, 1 drivers
v0000025f4e8e00a0_0 .net "idex2ex_rd_o", 4 0, v0000025f4e8df4c0_0;  alias, 1 drivers
v0000025f4e8e0140_0 .net "idex2ex_rs1_o", 4 0, v0000025f4e8de480_0;  alias, 1 drivers
v0000025f4e8e0280_0 .net "idex2ex_rs2_o", 4 0, v0000025f4e8de840_0;  alias, 1 drivers
v0000025f4e8de8e0_0 .net "idex2ex_source1_o", 31 0, v0000025f4e8cfc50_0;  alias, 1 drivers
v0000025f4e8e2010_0 .net "idex2ex_source2_o", 31 0, v0000025f4e8d1e40_0;  alias, 1 drivers
v0000025f4e8e17f0_0 .net "refresh_flag", 0 0, L_0000025f4e947820;  1 drivers
v0000025f4e8e1890_0 .net "rest", 0 0, v0000025f4e8ecf20_0;  alias, 1 drivers
L_0000025f4e947820 .functor MUXZ 1, L_0000025f4e8ed730, L_0000025f4e8ed6e8, L_0000025f4e4c3090, C4<>;
S_0000025f4e48ffe0 .scope module, "u_DFF_1" "DFF" 8 49, 9 1 0, S_0000025f4e458410;
 .timescale -9 -9;
    .port_info 0 /INPUT 1 "clk";
    .port_info 1 /INPUT 1 "rest";
    .port_info 2 /INPUT 32 "default_rest";
    .port_info 3 /INPUT 32 "D";
    .port_info 4 /OUTPUT 32 "Q";
    .port_info 5 /INPUT 1 "dff_refresh_flag_i";
P_0000025f4e516ee0 .param/l "WD" 0 9 2, +C4<00000000000000000000000000100000>;
v0000025f4e8d1050_0 .net "D", 31 0, v0000025f4e8e16b0_0;  alias, 1 drivers
v0000025f4e8cfc50_0 .var "Q", 31 0;
v0000025f4e8d01f0_0 .net "clk", 0 0, v0000025f4e8ed380_0;  alias, 1 drivers
L_0000025f4e8ed778 .functor BUFT 1, C4<00000000000000000000000000000000>, C4<0>, C4<0>, C4<0>;
v0000025f4e8d08d0_0 .net "default_rest", 31 0, L_0000025f4e8ed778;  1 drivers
v0000025f4e8d0970_0 .net "dff_refresh_flag_i", 0 0, L_0000025f4e947820;  alias, 1 drivers
v0000025f4e8d10f0_0 .net "rest", 0 0, v0000025f4e8ecf20_0;  alias, 1 drivers
S_0000025f4e490170 .scope module, "u_DFF_10" "DFF" 8 59, 9 1 0, S_0000025f4e458410;
 .timescale -9 -9;
    .port_info 0 /INPUT 1 "clk";
    .port_info 1 /INPUT 1 "rest";
    .port_info 2 /INPUT 3 "default_rest";
    .port_info 3 /INPUT 3 "D";
    .port_info 4 /OUTPUT 3 "Q";
    .port_info 5 /INPUT 1 "dff_refresh_flag_i";
P_0000025f4e516ae0 .param/l "WD" 0 9 2, +C4<00000000000000000000000000000011>;
v0000025f4e8d1190_0 .net "D", 2 0, L_0000025f4e9471e0;  alias, 1 drivers
v0000025f4e8cf610_0 .var "Q", 2 0;
v0000025f4e8745f0_0 .net "clk", 0 0, v0000025f4e8ed380_0;  alias, 1 drivers
L_0000025f4e8eda00 .functor BUFT 1, C4<000>, C4<0>, C4<0>, C4<0>;
v0000025f4e8d2020_0 .net "default_rest", 2 0, L_0000025f4e8eda00;  1 drivers
v0000025f4e8d1f80_0 .net "dff_refresh_flag_i", 0 0, L_0000025f4e947820;  alias, 1 drivers
v0000025f4e8d1a80_0 .net "rest", 0 0, v0000025f4e8ecf20_0;  alias, 1 drivers
S_0000025f4e4a3350 .scope module, "u_DFF_11" "DFF" 8 61, 9 1 0, S_0000025f4e458410;
 .timescale -9 -9;
    .port_info 0 /INPUT 1 "clk";
    .port_info 1 /INPUT 1 "rest";
    .port_info 2 /INPUT 32 "default_rest";
    .port_info 3 /INPUT 32 "D";
    .port_info 4 /OUTPUT 32 "Q";
    .port_info 5 /INPUT 1 "dff_refresh_flag_i";
P_0000025f4e5160e0 .param/l "WD" 0 9 2, +C4<00000000000000000000000000100000>;
v0000025f4e8d22a0_0 .net "D", 31 0, v0000025f4e8e2290_0;  alias, 1 drivers
v0000025f4e8d18a0_0 .var "Q", 31 0;
v0000025f4e8d27a0_0 .net "clk", 0 0, v0000025f4e8ed380_0;  alias, 1 drivers
L_0000025f4e8eda48 .functor BUFT 1, C4<00000000000000000000000000000000>, C4<0>, C4<0>, C4<0>;
v0000025f4e8d14e0_0 .net "default_rest", 31 0, L_0000025f4e8eda48;  1 drivers
v0000025f4e8d16c0_0 .net "dff_refresh_flag_i", 0 0, L_0000025f4e947820;  alias, 1 drivers
v0000025f4e8d2b60_0 .net "rest", 0 0, v0000025f4e8ecf20_0;  alias, 1 drivers
S_0000025f4e4a34e0 .scope module, "u_DFF_12" "DFF" 8 63, 9 1 0, S_0000025f4e458410;
 .timescale -9 -9;
    .port_info 0 /INPUT 1 "clk";
    .port_info 1 /INPUT 1 "rest";
    .port_info 2 /INPUT 32 "default_rest";
    .port_info 3 /INPUT 32 "D";
    .port_info 4 /OUTPUT 32 "Q";
    .port_info 5 /INPUT 1 "dff_refresh_flag_i";
P_0000025f4e516860 .param/l "WD" 0 9 2, +C4<00000000000000000000000000100000>;
v0000025f4e8d2660_0 .net "D", 31 0, v0000025f4e8e2330_0;  alias, 1 drivers
v0000025f4e8d2340_0 .var "Q", 31 0;
v0000025f4e8d3060_0 .net "clk", 0 0, v0000025f4e8ed380_0;  alias, 1 drivers
L_0000025f4e8eda90 .functor BUFT 1, C4<00000000000000000000000000000000>, C4<0>, C4<0>, C4<0>;
v0000025f4e8d25c0_0 .net "default_rest", 31 0, L_0000025f4e8eda90;  1 drivers
v0000025f4e8d2de0_0 .net "dff_refresh_flag_i", 0 0, L_0000025f4e947820;  alias, 1 drivers
v0000025f4e8d20c0_0 .net "rest", 0 0, v0000025f4e8ecf20_0;  alias, 1 drivers
S_0000025f4e4e3440 .scope module, "u_DFF_13" "DFF" 8 65, 9 1 0, S_0000025f4e458410;
 .timescale -9 -9;
    .port_info 0 /INPUT 1 "clk";
    .port_info 1 /INPUT 1 "rest";
    .port_info 2 /INPUT 32 "default_rest";
    .port_info 3 /INPUT 32 "D";
    .port_info 4 /OUTPUT 32 "Q";
    .port_info 5 /INPUT 1 "dff_refresh_flag_i";
P_0000025f4e516520 .param/l "WD" 0 9 2, +C4<00000000000000000000000000100000>;
v0000025f4e8d2980_0 .net "D", 31 0, v0000025f4e8e1cf0_0;  alias, 1 drivers
v0000025f4e8d1da0_0 .var "Q", 31 0;
v0000025f4e8d2f20_0 .net "clk", 0 0, v0000025f4e8ed380_0;  alias, 1 drivers
L_0000025f4e8edad8 .functor BUFT 1, C4<00000000000000000000000000000000>, C4<0>, C4<0>, C4<0>;
v0000025f4e8d2840_0 .net "default_rest", 31 0, L_0000025f4e8edad8;  1 drivers
v0000025f4e8d2e80_0 .net "dff_refresh_flag_i", 0 0, L_0000025f4e947820;  alias, 1 drivers
v0000025f4e8d1b20_0 .net "rest", 0 0, v0000025f4e8ecf20_0;  alias, 1 drivers
S_0000025f4e4e35d0 .scope module, "u_DFF_2" "DFF" 8 50, 9 1 0, S_0000025f4e458410;
 .timescale -9 -9;
    .port_info 0 /INPUT 1 "clk";
    .port_info 1 /INPUT 1 "rest";
    .port_info 2 /INPUT 32 "default_rest";
    .port_info 3 /INPUT 32 "D";
    .port_info 4 /OUTPUT 32 "Q";
    .port_info 5 /INPUT 1 "dff_refresh_flag_i";
P_0000025f4e516de0 .param/l "WD" 0 9 2, +C4<00000000000000000000000000100000>;
v0000025f4e8d2480_0 .net "D", 31 0, v0000025f4e8e1750_0;  alias, 1 drivers
v0000025f4e8d1e40_0 .var "Q", 31 0;
v0000025f4e8d1bc0_0 .net "clk", 0 0, v0000025f4e8ed380_0;  alias, 1 drivers
L_0000025f4e8ed7c0 .functor BUFT 1, C4<00000000000000000000000000000000>, C4<0>, C4<0>, C4<0>;
v0000025f4e8d1c60_0 .net "default_rest", 31 0, L_0000025f4e8ed7c0;  1 drivers
v0000025f4e8d28e0_0 .net "dff_refresh_flag_i", 0 0, L_0000025f4e947820;  alias, 1 drivers
v0000025f4e8d2fc0_0 .net "rest", 0 0, v0000025f4e8ecf20_0;  alias, 1 drivers
S_0000025f4e478e40 .scope module, "u_DFF_3" "DFF" 8 51, 9 1 0, S_0000025f4e458410;
 .timescale -9 -9;
    .port_info 0 /INPUT 1 "clk";
    .port_info 1 /INPUT 1 "rest";
    .port_info 2 /INPUT 32 "default_rest";
    .port_info 3 /INPUT 32 "D";
    .port_info 4 /OUTPUT 32 "Q";
    .port_info 5 /INPUT 1 "dff_refresh_flag_i";
P_0000025f4e516ce0 .param/l "WD" 0 9 2, +C4<00000000000000000000000000100000>;
v0000025f4e8d1ee0_0 .net "D", 31 0, v0000025f4e8e14d0_0;  alias, 1 drivers
v0000025f4e8d2160_0 .var "Q", 31 0;
v0000025f4e8d1940_0 .net "clk", 0 0, v0000025f4e8ed380_0;  alias, 1 drivers
L_0000025f4e8ed808 .functor BUFT 1, C4<00000000000000000000000000000000>, C4<0>, C4<0>, C4<0>;
v0000025f4e8d3240_0 .net "default_rest", 31 0, L_0000025f4e8ed808;  1 drivers
v0000025f4e8d1580_0 .net "dff_refresh_flag_i", 0 0, L_0000025f4e947820;  alias, 1 drivers
v0000025f4e8d1d00_0 .net "rest", 0 0, v0000025f4e8ecf20_0;  alias, 1 drivers
S_0000025f4e478fd0 .scope module, "u_DFF_4" "DFF" 8 52, 9 1 0, S_0000025f4e458410;
 .timescale -9 -9;
    .port_info 0 /INPUT 1 "clk";
    .port_info 1 /INPUT 1 "rest";
    .port_info 2 /INPUT 32 "default_rest";
    .port_info 3 /INPUT 32 "D";
    .port_info 4 /OUTPUT 32 "Q";
    .port_info 5 /INPUT 1 "dff_refresh_flag_i";
P_0000025f4e516a20 .param/l "WD" 0 9 2, +C4<00000000000000000000000000100000>;
v0000025f4e8d2200_0 .net "D", 31 0, v0000025f4e8e11b0_0;  alias, 1 drivers
v0000025f4e8d1620_0 .var "Q", 31 0;
v0000025f4e8d2520_0 .net "clk", 0 0, v0000025f4e8ed380_0;  alias, 1 drivers
L_0000025f4e8ed850 .functor BUFT 1, C4<00000000000000000000000000000000>, C4<0>, C4<0>, C4<0>;
v0000025f4e8d32e0_0 .net "default_rest", 31 0, L_0000025f4e8ed850;  1 drivers
v0000025f4e8d2d40_0 .net "dff_refresh_flag_i", 0 0, L_0000025f4e947820;  alias, 1 drivers
v0000025f4e8d3100_0 .net "rest", 0 0, v0000025f4e8ecf20_0;  alias, 1 drivers
S_0000025f4e48ddd0 .scope module, "u_DFF_5" "DFF" 8 53, 9 1 0, S_0000025f4e458410;
 .timescale -9 -9;
    .port_info 0 /INPUT 1 "clk";
    .port_info 1 /INPUT 1 "rest";
    .port_info 2 /INPUT 5 "default_rest";
    .port_info 3 /INPUT 5 "D";
    .port_info 4 /OUTPUT 5 "Q";
    .port_info 5 /INPUT 1 "dff_refresh_flag_i";
P_0000025f4e516d20 .param/l "WD" 0 9 2, +C4<00000000000000000000000000000101>;
v0000025f4e8d2ac0_0 .net "D", 4 0, v0000025f4e8e1610_0;  alias, 1 drivers
v0000025f4e8d2c00_0 .var "Q", 4 0;
v0000025f4e8d2a20_0 .net "clk", 0 0, v0000025f4e8ed380_0;  alias, 1 drivers
L_0000025f4e8ed898 .functor BUFT 1, C4<00000>, C4<0>, C4<0>, C4<0>;
v0000025f4e8d2ca0_0 .net "default_rest", 4 0, L_0000025f4e8ed898;  1 drivers
v0000025f4e8d23e0_0 .net "dff_refresh_flag_i", 0 0, L_0000025f4e947820;  alias, 1 drivers
v0000025f4e8d31a0_0 .net "rest", 0 0, v0000025f4e8ecf20_0;  alias, 1 drivers
S_0000025f4e8dd470 .scope module, "u_DFF_6" "DFF" 8 55, 9 1 0, S_0000025f4e458410;
 .timescale -9 -9;
    .port_info 0 /INPUT 1 "clk";
    .port_info 1 /INPUT 1 "rest";
    .port_info 2 /INPUT 7 "default_rest";
    .port_info 3 /INPUT 7 "D";
    .port_info 4 /OUTPUT 7 "Q";
    .port_info 5 /INPUT 1 "dff_refresh_flag_i";
P_0000025f4e516f20 .param/l "WD" 0 9 2, +C4<00000000000000000000000000000111>;
v0000025f4e8d2700_0 .net "D", 6 0, L_0000025f4e947a00;  alias, 1 drivers
v0000025f4e8d1440_0 .var "Q", 6 0;
v0000025f4e8d1760_0 .net "clk", 0 0, v0000025f4e8ed380_0;  alias, 1 drivers
L_0000025f4e8ed8e0 .functor BUFT 1, C4<0000000>, C4<0>, C4<0>, C4<0>;
v0000025f4e8d1800_0 .net "default_rest", 6 0, L_0000025f4e8ed8e0;  1 drivers
v0000025f4e8d19e0_0 .net "dff_refresh_flag_i", 0 0, L_0000025f4e947820;  alias, 1 drivers
v0000025f4e8df100_0 .net "rest", 0 0, v0000025f4e8ecf20_0;  alias, 1 drivers
S_0000025f4e8ddc40 .scope module, "u_DFF_7" "DFF" 8 56, 9 1 0, S_0000025f4e458410;
 .timescale -9 -9;
    .port_info 0 /INPUT 1 "clk";
    .port_info 1 /INPUT 1 "rest";
    .port_info 2 /INPUT 5 "default_rest";
    .port_info 3 /INPUT 5 "D";
    .port_info 4 /OUTPUT 5 "Q";
    .port_info 5 /INPUT 1 "dff_refresh_flag_i";
P_0000025f4e516060 .param/l "WD" 0 9 2, +C4<00000000000000000000000000000101>;
v0000025f4e8de660_0 .net "D", 4 0, L_0000025f4e9455c0;  alias, 1 drivers
v0000025f4e8df4c0_0 .var "Q", 4 0;
v0000025f4e8df600_0 .net "clk", 0 0, v0000025f4e8ed380_0;  alias, 1 drivers
L_0000025f4e8ed928 .functor BUFT 1, C4<00000>, C4<0>, C4<0>, C4<0>;
v0000025f4e8dede0_0 .net "default_rest", 4 0, L_0000025f4e8ed928;  1 drivers
v0000025f4e8df420_0 .net "dff_refresh_flag_i", 0 0, L_0000025f4e947820;  alias, 1 drivers
v0000025f4e8de980_0 .net "rest", 0 0, v0000025f4e8ecf20_0;  alias, 1 drivers
S_0000025f4e8ddab0 .scope module, "u_DFF_8" "DFF" 8 57, 9 1 0, S_0000025f4e458410;
 .timescale -9 -9;
    .port_info 0 /INPUT 1 "clk";
    .port_info 1 /INPUT 1 "rest";
    .port_info 2 /INPUT 5 "default_rest";
    .port_info 3 /INPUT 5 "D";
    .port_info 4 /OUTPUT 5 "Q";
    .port_info 5 /INPUT 1 "dff_refresh_flag_i";
P_0000025f4e5160a0 .param/l "WD" 0 9 2, +C4<00000000000000000000000000000101>;
v0000025f4e8dec00_0 .net "D", 4 0, L_0000025f4e9462e0;  alias, 1 drivers
v0000025f4e8de480_0 .var "Q", 4 0;
v0000025f4e8df380_0 .net "clk", 0 0, v0000025f4e8ed380_0;  alias, 1 drivers
L_0000025f4e8ed970 .functor BUFT 1, C4<00000>, C4<0>, C4<0>, C4<0>;
v0000025f4e8dfec0_0 .net "default_rest", 4 0, L_0000025f4e8ed970;  1 drivers
v0000025f4e8deca0_0 .net "dff_refresh_flag_i", 0 0, L_0000025f4e947820;  alias, 1 drivers
v0000025f4e8de520_0 .net "rest", 0 0, v0000025f4e8ecf20_0;  alias, 1 drivers
S_0000025f4e8de0f0 .scope module, "u_DFF_9" "DFF" 8 58, 9 1 0, S_0000025f4e458410;
 .timescale -9 -9;
    .port_info 0 /INPUT 1 "clk";
    .port_info 1 /INPUT 1 "rest";
    .port_info 2 /INPUT 5 "default_rest";
    .port_info 3 /INPUT 5 "D";
    .port_info 4 /OUTPUT 5 "Q";
    .port_info 5 /INPUT 1 "dff_refresh_flag_i";
P_0000025f4e516160 .param/l "WD" 0 9 2, +C4<00000000000000000000000000000101>;
v0000025f4e8def20_0 .net "D", 4 0, L_0000025f4e946ba0;  alias, 1 drivers
v0000025f4e8de840_0 .var "Q", 4 0;
v0000025f4e8deac0_0 .net "clk", 0 0, v0000025f4e8ed380_0;  alias, 1 drivers
L_0000025f4e8ed9b8 .functor BUFT 1, C4<00000>, C4<0>, C4<0>, C4<0>;
v0000025f4e8ded40_0 .net "default_rest", 4 0, L_0000025f4e8ed9b8;  1 drivers
v0000025f4e8de7a0_0 .net "dff_refresh_flag_i", 0 0, L_0000025f4e947820;  alias, 1 drivers
v0000025f4e8dfa60_0 .net "rest", 0 0, v0000025f4e8ecf20_0;  alias, 1 drivers
S_0000025f4e8dd600 .scope module, "u_IDU" "IDU" 4 70, 10 4 0, S_0000025f4e87e900;
 .timescale -9 -9;
    .port_info 0 /INPUT 32 "ifid2id_ins_i";
    .port_info 1 /INPUT 32 "ifid2id_addr_i";
    .port_info 2 /INPUT 32 "regs2id_rs1_data_i";
    .port_info 3 /INPUT 32 "regs2id_rs2_data_i";
    .port_info 4 /OUTPUT 5 "id2regs_rs1_addr_o";
    .port_info 5 /OUTPUT 5 "id2regs_rs2_addr_o";
    .port_info 6 /OUTPUT 32 "id2idex_source1_o";
    .port_info 7 /OUTPUT 32 "id2idex_source2_o";
    .port_info 8 /OUTPUT 32 "id2idex_ins_o";
    .port_info 9 /OUTPUT 32 "id2idex_addr_o";
    .port_info 10 /OUTPUT 5 "id2idex_rd_addr_o";
    .port_info 11 /OUTPUT 7 "id2idex_opcode_o";
    .port_info 12 /OUTPUT 5 "id2idex_rd_o";
    .port_info 13 /OUTPUT 5 "id2idex_rs1_o";
    .port_info 14 /OUTPUT 5 "id2idex_rs2_o";
    .port_info 15 /OUTPUT 3 "id2idex_funct3_o";
    .port_info 16 /OUTPUT 32 "id2idex_imm_i_o";
    .port_info 17 /OUTPUT 32 "id2idex_imm_sb_o";
    .port_info 18 /OUTPUT 32 "id2idex_imm_uj_o";
    .port_info 19 /OUTPUT 1 "id2cu_wb_en_o";
v0000025f4e8e1e30_0 .net *"_ivl_13", 0 0, L_0000025f4e946740;  1 drivers
v0000025f4e8e12f0_0 .net *"_ivl_15", 0 0, L_0000025f4e945fc0;  1 drivers
v0000025f4e8e07b0_0 .net *"_ivl_17", 5 0, L_0000025f4e946060;  1 drivers
v0000025f4e8e1070_0 .net *"_ivl_19", 3 0, L_0000025f4e945840;  1 drivers
L_0000025f4e8ed610 .functor BUFT 1, C4<0>, C4<0>, C4<0>, C4<0>;
v0000025f4e8e2150_0 .net/2u *"_ivl_20", 0 0, L_0000025f4e8ed610;  1 drivers
v0000025f4e8e0c10_0 .net *"_ivl_25", 0 0, L_0000025f4e946a60;  1 drivers
v0000025f4e8e20b0_0 .net *"_ivl_27", 7 0, L_0000025f4e947b40;  1 drivers
v0000025f4e8e21f0_0 .net *"_ivl_29", 0 0, L_0000025f4e946b00;  1 drivers
v0000025f4e8e1f70_0 .net *"_ivl_31", 9 0, L_0000025f4e945b60;  1 drivers
L_0000025f4e8ed658 .functor BUFT 1, C4<0>, C4<0>, C4<0>, C4<0>;
v0000025f4e8e0b70_0 .net/2u *"_ivl_32", 0 0, L_0000025f4e8ed658;  1 drivers
v0000025f4e8e0530_0 .var "id2cu_wb_en_o", 0 0;
v0000025f4e8e11b0_0 .var "id2idex_addr_o", 31 0;
v0000025f4e8e1570_0 .net "id2idex_funct3_o", 2 0, L_0000025f4e9471e0;  alias, 1 drivers
v0000025f4e8e2290_0 .var "id2idex_imm_i_o", 31 0;
v0000025f4e8e2330_0 .var "id2idex_imm_sb_o", 31 0;
v0000025f4e8e1cf0_0 .var "id2idex_imm_uj_o", 31 0;
v0000025f4e8e14d0_0 .var "id2idex_ins_o", 31 0;
v0000025f4e8e0e90_0 .net "id2idex_opcode_o", 6 0, L_0000025f4e947a00;  alias, 1 drivers
v0000025f4e8e1610_0 .var "id2idex_rd_addr_o", 4 0;
v0000025f4e8e0ad0_0 .net "id2idex_rd_o", 4 0, L_0000025f4e9455c0;  alias, 1 drivers
v0000025f4e8e1930_0 .net "id2idex_rs1_o", 4 0, L_0000025f4e9462e0;  alias, 1 drivers
v0000025f4e8e0850_0 .net "id2idex_rs2_o", 4 0, L_0000025f4e946ba0;  alias, 1 drivers
v0000025f4e8e16b0_0 .var "id2idex_source1_o", 31 0;
v0000025f4e8e1750_0 .var "id2idex_source2_o", 31 0;
v0000025f4e8e0990_0 .var "id2regs_rs1_addr_o", 4 0;
v0000025f4e8e1bb0_0 .var "id2regs_rs2_addr_o", 4 0;
v0000025f4e8e0490_0 .net "ifid2id_addr_i", 31 0, v0000025f4e8e08f0_0;  alias, 1 drivers
v0000025f4e8e1110_0 .net "ifid2id_ins_i", 31 0, v0000025f4e8e1390_0;  alias, 1 drivers
v0000025f4e8e0fd0_0 .net "imm_i", 11 0, L_0000025f4e946880;  1 drivers
v0000025f4e8e05d0_0 .net "imm_sb", 12 0, L_0000025f4e945660;  1 drivers
v0000025f4e8e0710_0 .net "imm_uj", 20 0, L_0000025f4e945700;  1 drivers
v0000025f4e8e0a30_0 .net "regs2id_rs1_data_i", 31 0, v0000025f4e8e7b00_0;  alias, 1 drivers
v0000025f4e8e1250_0 .net "regs2id_rs2_data_i", 31 0, v0000025f4e8e8280_0;  alias, 1 drivers
E_0000025f4e50f960/0 .event anyedge, v0000025f4e8e1110_0, v0000025f4e8e0490_0, v0000025f4e8d2700_0, v0000025f4e8d1190_0;
E_0000025f4e50f960/1 .event anyedge, v0000025f4e8dec00_0, v0000025f4e8e0a30_0, v0000025f4e8e0fd0_0, v0000025f4e8de660_0;
E_0000025f4e50f960/2 .event anyedge, v0000025f4e8def20_0, v0000025f4e8e1250_0, v0000025f4e8e05d0_0, v0000025f4e8e0710_0;
E_0000025f4e50f960 .event/or E_0000025f4e50f960/0, E_0000025f4e50f960/1, E_0000025f4e50f960/2;
L_0000025f4e947a00 .part v0000025f4e8e1390_0, 0, 7;
L_0000025f4e9455c0 .part v0000025f4e8e1390_0, 7, 5;
L_0000025f4e9471e0 .part v0000025f4e8e1390_0, 12, 3;
L_0000025f4e9462e0 .part v0000025f4e8e1390_0, 15, 5;
L_0000025f4e946ba0 .part v0000025f4e8e1390_0, 20, 5;
L_0000025f4e946880 .part v0000025f4e8e1390_0, 20, 12;
L_0000025f4e946740 .part v0000025f4e8e1390_0, 31, 1;
L_0000025f4e945fc0 .part v0000025f4e8e1390_0, 7, 1;
L_0000025f4e946060 .part v0000025f4e8e1390_0, 25, 6;
L_0000025f4e945840 .part v0000025f4e8e1390_0, 8, 4;
LS_0000025f4e945660_0_0 .concat [ 1 4 6 1], L_0000025f4e8ed610, L_0000025f4e945840, L_0000025f4e946060, L_0000025f4e945fc0;
LS_0000025f4e945660_0_4 .concat [ 1 0 0 0], L_0000025f4e946740;
L_0000025f4e945660 .concat [ 12 1 0 0], LS_0000025f4e945660_0_0, LS_0000025f4e945660_0_4;
L_0000025f4e946a60 .part v0000025f4e8e1390_0, 31, 1;
L_0000025f4e947b40 .part v0000025f4e8e1390_0, 12, 8;
L_0000025f4e946b00 .part v0000025f4e8e1390_0, 20, 1;
L_0000025f4e945b60 .part v0000025f4e8e1390_0, 21, 10;
LS_0000025f4e945700_0_0 .concat [ 1 10 1 8], L_0000025f4e8ed658, L_0000025f4e945b60, L_0000025f4e946b00, L_0000025f4e947b40;
LS_0000025f4e945700_0_4 .concat [ 1 0 0 0], L_0000025f4e946a60;
L_0000025f4e945700 .concat [ 20 1 0 0], LS_0000025f4e945700_0_0, LS_0000025f4e945700_0_4;
S_0000025f4e8dd790 .scope module, "u_IFIDU" "IFIDU" 4 39, 11 3 0, S_0000025f4e87e900;
 .timescale -9 -9;
    .port_info 0 /INPUT 1 "clk";
    .port_info 1 /INPUT 1 "rest";
    .port_info 2 /INPUT 32 "if2ifid_addr_i";
    .port_info 3 /INPUT 32 "if2ifid_ins_i";
    .port_info 4 /OUTPUT 32 "ifid2id_ins_o";
    .port_info 5 /OUTPUT 32 "ifid2id_addr_o";
    .port_info 6 /INPUT 1 "cu2_refresh_flag_i";
L_0000025f4e8ed4a8 .functor BUFT 1, C4<1>, C4<0>, C4<0>, C4<0>;
L_0000025f4e4c3bf0 .functor XNOR 1, v0000025f4e873b50_0, L_0000025f4e8ed4a8, C4<0>, C4<0>;
v0000025f4e8e1d90_0 .net/2u *"_ivl_0", 0 0, L_0000025f4e8ed4a8;  1 drivers
v0000025f4e8e1ed0_0 .net *"_ivl_2", 0 0, L_0000025f4e4c3bf0;  1 drivers
L_0000025f4e8ed4f0 .functor BUFT 1, C4<1>, C4<0>, C4<0>, C4<0>;
v0000025f4e8e8c80_0 .net/2u *"_ivl_4", 0 0, L_0000025f4e8ed4f0;  1 drivers
L_0000025f4e8ed538 .functor BUFT 1, C4<0>, C4<0>, C4<0>, C4<0>;
v0000025f4e8e8000_0 .net/2u *"_ivl_6", 0 0, L_0000025f4e8ed538;  1 drivers
v0000025f4e8e8820_0 .net "clk", 0 0, v0000025f4e8ed380_0;  alias, 1 drivers
v0000025f4e8e74c0_0 .net "cu2_refresh_flag_i", 0 0, v0000025f4e873b50_0;  alias, 1 drivers
v0000025f4e8e77e0_0 .net "if2ifid_addr_i", 31 0, L_0000025f4e4c3b80;  alias, 1 drivers
v0000025f4e8e7560_0 .net "if2ifid_ins_i", 31 0, L_0000025f4e4c3aa0;  alias, 1 drivers
v0000025f4e8e7880_0 .net "ifid2id_addr_o", 31 0, v0000025f4e8e08f0_0;  alias, 1 drivers
v0000025f4e8e80a0_0 .net "ifid2id_ins_o", 31 0, v0000025f4e8e1390_0;  alias, 1 drivers
v0000025f4e8e8d20_0 .net "refresh_flag", 0 0, L_0000025f4e8ebc60;  1 drivers
v0000025f4e8e7600_0 .net "rest", 0 0, v0000025f4e8ecf20_0;  alias, 1 drivers
L_0000025f4e8ebc60 .functor MUXZ 1, L_0000025f4e8ed538, L_0000025f4e8ed4f0, L_0000025f4e4c3bf0, C4<>;
S_0000025f4e8de280 .scope module, "inst_1" "DFF" 11 19, 9 1 0, S_0000025f4e8dd790;
 .timescale -9 -9;
    .port_info 0 /INPUT 1 "clk";
    .port_info 1 /INPUT 1 "rest";
    .port_info 2 /INPUT 32 "default_rest";
    .port_info 3 /INPUT 32 "D";
    .port_info 4 /OUTPUT 32 "Q";
    .port_info 5 /INPUT 1 "dff_refresh_flag_i";
P_0000025f4e50ffa0 .param/l "WD" 0 9 2, +C4<00000000000000000000000000100000>;
v0000025f4e8e0cb0_0 .net "D", 31 0, L_0000025f4e4c3b80;  alias, 1 drivers
v0000025f4e8e08f0_0 .var "Q", 31 0;
v0000025f4e8e1430_0 .net "clk", 0 0, v0000025f4e8ed380_0;  alias, 1 drivers
L_0000025f4e8ed580 .functor BUFT 1, C4<00000000000000000000000000000000>, C4<0>, C4<0>, C4<0>;
v0000025f4e8e0d50_0 .net "default_rest", 31 0, L_0000025f4e8ed580;  1 drivers
v0000025f4e8e0df0_0 .net "dff_refresh_flag_i", 0 0, L_0000025f4e8ebc60;  alias, 1 drivers
v0000025f4e8e0f30_0 .net "rest", 0 0, v0000025f4e8ecf20_0;  alias, 1 drivers
S_0000025f4e8dddd0 .scope module, "inst_2" "DFF" 11 20, 9 1 0, S_0000025f4e8dd790;
 .timescale -9 -9;
    .port_info 0 /INPUT 1 "clk";
    .port_info 1 /INPUT 1 "rest";
    .port_info 2 /INPUT 32 "default_rest";
    .port_info 3 /INPUT 32 "D";
    .port_info 4 /OUTPUT 32 "Q";
    .port_info 5 /INPUT 1 "dff_refresh_flag_i";
P_0000025f4e510020 .param/l "WD" 0 9 2, +C4<00000000000000000000000000100000>;
v0000025f4e8e0670_0 .net "D", 31 0, L_0000025f4e4c3aa0;  alias, 1 drivers
v0000025f4e8e1390_0 .var "Q", 31 0;
v0000025f4e8e1c50_0 .net "clk", 0 0, v0000025f4e8ed380_0;  alias, 1 drivers
L_0000025f4e8ed5c8 .functor BUFT 1, C4<00000000000000000000000000000000>, C4<0>, C4<0>, C4<0>;
v0000025f4e8e19d0_0 .net "default_rest", 31 0, L_0000025f4e8ed5c8;  1 drivers
v0000025f4e8e1a70_0 .net "dff_refresh_flag_i", 0 0, L_0000025f4e8ebc60;  alias, 1 drivers
v0000025f4e8e1b10_0 .net "rest", 0 0, v0000025f4e8ecf20_0;  alias, 1 drivers
S_0000025f4e8dd920 .scope module, "u_IFU" "IFU" 4 27, 12 3 0, S_0000025f4e87e900;
 .timescale -9 -9;
    .port_info 0 /INPUT 32 "pc2if_addr_i";
    .port_info 1 /INPUT 32 "rom2if_ins_i";
    .port_info 2 /OUTPUT 32 "if2rom_ins_o";
    .port_info 3 /OUTPUT 32 "if2ifid_addr_o";
    .port_info 4 /OUTPUT 32 "if2ifid_ins_o";
L_0000025f4e4c3950 .functor BUFZ 32, v0000025f4e8e7740_0, C4<00000000000000000000000000000000>, C4<00000000000000000000000000000000>, C4<00000000000000000000000000000000>;
L_0000025f4e4c3aa0 .functor BUFZ 32, L_0000025f4e9499f0, C4<00000000000000000000000000000000>, C4<00000000000000000000000000000000>, C4<00000000000000000000000000000000>;
L_0000025f4e4c3b80 .functor BUFZ 32, v0000025f4e8e7740_0, C4<00000000000000000000000000000000>, C4<00000000000000000000000000000000>, C4<00000000000000000000000000000000>;
v0000025f4e8e88c0_0 .net "if2ifid_addr_o", 31 0, L_0000025f4e4c3b80;  alias, 1 drivers
v0000025f4e8e9040_0 .net "if2ifid_ins_o", 31 0, L_0000025f4e4c3aa0;  alias, 1 drivers
v0000025f4e8e8500_0 .net "if2rom_ins_o", 31 0, L_0000025f4e4c3950;  alias, 1 drivers
v0000025f4e8e79c0_0 .net "pc2if_addr_i", 31 0, v0000025f4e8e7740_0;  alias, 1 drivers
v0000025f4e8e8140_0 .net "rom2if_ins_i", 31 0, L_0000025f4e9499f0;  alias, 1 drivers
S_0000025f4e8ddf60 .scope module, "u_pc_reg" "PC" 4 15, 13 3 0, S_0000025f4e87e900;
 .timescale -9 -9;
    .port_info 0 /INPUT 1 "clk";
    .port_info 1 /INPUT 1 "rest";
    .port_info 2 /OUTPUT 32 "pc2if_addr_o";
    .port_info 3 /INPUT 1 "cu2pc_jump_en_i";
    .port_info 4 /INPUT 32 "ex2pc_jump_addr_i";
v0000025f4e8e76a0_0 .net "clk", 0 0, v0000025f4e8ed380_0;  alias, 1 drivers
v0000025f4e8e85a0_0 .net "cu2pc_jump_en_i", 0 0, v0000025f4e874550_0;  alias, 1 drivers
v0000025f4e8e8aa0_0 .net "ex2pc_jump_addr_i", 31 0, v0000025f4e8cf4d0_0;  alias, 1 drivers
v0000025f4e8e7740_0 .var "pc2if_addr_o", 31 0;
v0000025f4e8e8640_0 .net "rest", 0 0, v0000025f4e8ecf20_0;  alias, 1 drivers
S_0000025f4e8ea470 .scope module, "u_regs" "regs" 4 174, 14 3 0, S_0000025f4e87e900;
 .timescale -9 -9;
    .port_info 0 /INPUT 1 "clk";
    .port_info 1 /INPUT 1 "rest";
    .port_info 2 /INPUT 5 "id2regs_rs1_addr_i";
    .port_info 3 /INPUT 5 "id2regs_rs2_addr_i";
    .port_info 4 /OUTPUT 32 "regs2id_rs1_data_o";
    .port_info 5 /OUTPUT 32 "regs2id_rs2_data_o";
    .port_info 6 /INPUT 5 "ex2regs_rd_addr_i";
    .port_info 7 /INPUT 32 "ex2regs_rd_data_i";
    .port_info 8 /INPUT 1 "ex2regs_wb_en_i";
v0000025f4e8e7ba0_0 .net "clk", 0 0, v0000025f4e8ed380_0;  alias, 1 drivers
v0000025f4e8e8320_0 .net "ex2regs_rd_addr_i", 4 0, v0000025f4e8d0d30_0;  alias, 1 drivers
v0000025f4e8e81e0_0 .net "ex2regs_rd_data_i", 31 0, v0000025f4e8d0c90_0;  alias, 1 drivers
v0000025f4e8e83c0_0 .net "ex2regs_wb_en_i", 0 0, v0000025f4e8d03d0_0;  alias, 1 drivers
v0000025f4e8e7920_0 .var/i "i", 31 0;
v0000025f4e8e7ce0_0 .net "id2regs_rs1_addr_i", 4 0, v0000025f4e8e0990_0;  alias, 1 drivers
v0000025f4e8e7a60_0 .net "id2regs_rs2_addr_i", 4 0, v0000025f4e8e1bb0_0;  alias, 1 drivers
v0000025f4e8e7b00_0 .var "regs2id_rs1_data_o", 31 0;
v0000025f4e8e8280_0 .var "regs2id_rs2_data_o", 31 0;
v0000025f4e8e7c40_0 .net "rest", 0 0, v0000025f4e8ecf20_0;  alias, 1 drivers
v0000025f4e8e8a00 .array "x_regs", 31 0, 31 0;
E_0000025f4e50fc20/0 .event anyedge, v0000025f4e8740f0_0, v0000025f4e8e1bb0_0, v0000025f4e8d0d30_0, v0000025f4e8d0c90_0;
v0000025f4e8e8a00_0 .array/port v0000025f4e8e8a00, 0;
v0000025f4e8e8a00_1 .array/port v0000025f4e8e8a00, 1;
v0000025f4e8e8a00_2 .array/port v0000025f4e8e8a00, 2;
E_0000025f4e50fc20/1 .event anyedge, v0000025f4e8e8a00_0, v0000025f4e8e8a00_1, v0000025f4e8e8a00_2, v0000025f4e8e8a00_3;
v0000025f4e8e8a00_4 .array/port v0000025f4e8e8a00, 4;
v0000025f4e8e8a00_5 .array/port v0000025f4e8e8a00, 5;
v0000025f4e8e8a00_6 .array/port v0000025f4e8e8a00, 6;
v0000025f4e8e8a00_7 .array/port v0000025f4e8e8a00, 7;
E_0000025f4e50fc20/2 .event anyedge, v0000025f4e8e8a00_4, v0000025f4e8e8a00_5, v0000025f4e8e8a00_6, v0000025f4e8e8a00_7;
v0000025f4e8e8a00_8 .array/port v0000025f4e8e8a00, 8;
v0000025f4e8e8a00_9 .array/port v0000025f4e8e8a00, 9;
v0000025f4e8e8a00_10 .array/port v0000025f4e8e8a00, 10;
v0000025f4e8e8a00_11 .array/port v0000025f4e8e8a00, 11;
E_0000025f4e50fc20/3 .event anyedge, v0000025f4e8e8a00_8, v0000025f4e8e8a00_9, v0000025f4e8e8a00_10, v0000025f4e8e8a00_11;
v0000025f4e8e8a00_12 .array/port v0000025f4e8e8a00, 12;
v0000025f4e8e8a00_13 .array/port v0000025f4e8e8a00, 13;
v0000025f4e8e8a00_14 .array/port v0000025f4e8e8a00, 14;
v0000025f4e8e8a00_15 .array/port v0000025f4e8e8a00, 15;
E_0000025f4e50fc20/4 .event anyedge, v0000025f4e8e8a00_12, v0000025f4e8e8a00_13, v0000025f4e8e8a00_14, v0000025f4e8e8a00_15;
v0000025f4e8e8a00_16 .array/port v0000025f4e8e8a00, 16;
v0000025f4e8e8a00_17 .array/port v0000025f4e8e8a00, 17;
v0000025f4e8e8a00_18 .array/port v0000025f4e8e8a00, 18;
v0000025f4e8e8a00_19 .array/port v0000025f4e8e8a00, 19;
E_0000025f4e50fc20/5 .event anyedge, v0000025f4e8e8a00_16, v0000025f4e8e8a00_17, v0000025f4e8e8a00_18, v0000025f4e8e8a00_19;
v0000025f4e8e8a00_20 .array/port v0000025f4e8e8a00, 20;
v0000025f4e8e8a00_21 .array/port v0000025f4e8e8a00, 21;
v0000025f4e8e8a00_22 .array/port v0000025f4e8e8a00, 22;
v0000025f4e8e8a00_23 .array/port v0000025f4e8e8a00, 23;
E_0000025f4e50fc20/6 .event anyedge, v0000025f4e8e8a00_20, v0000025f4e8e8a00_21, v0000025f4e8e8a00_22, v0000025f4e8e8a00_23;
v0000025f4e8e8a00_24 .array/port v0000025f4e8e8a00, 24;
v0000025f4e8e8a00_25 .array/port v0000025f4e8e8a00, 25;
E_0000025f4e50fc20/7 .event anyedge, v0000025f4e8e8a00_24, v0000025f4e8e8a00_25, v0000025f4e8e8a00_26, v0000025f4e8e8a00_27;
v0000025f4e8e8a00_28 .array/port v0000025f4e8e8a00, 28;
v0000025f4e8e8a00_29 .array/port v0000025f4e8e8a00, 29;
v0000025f4e8e8a00_30 .array/port v0000025f4e8e8a00, 30;
v0000025f4e8e8a00_31 .array/port v0000025f4e8e8a00, 31;
E_0000025f4e50fc20/8 .event anyedge, v0000025f4e8e8a00_28, v0000025f4e8e8a00_29, v0000025f4e8e8a00_30, v0000025f4e8e8a00_31;
E_0000025f4e50fc20 .event/or E_0000025f4e50fc20/0, E_0000025f4e50fc20/1, E_0000025f4e50fc20/2, E_0000025f4e50fc20/3, E_0000025f4e50fc20/4, E_0000025f4e50fc20/5, E_0000025f4e50fc20/6, E_0000025f4e50fc20/7, E_0000025f4e50fc20/8;
E_0000025f4e50f8a0/0 .event anyedge, v0000025f4e8740f0_0, v0000025f4e8e0990_0, v0000025f4e8d0d30_0, v0000025f4e8d0c90_0;
E_0000025f4e50f8a0/1 .event anyedge, v0000025f4e8e8a00_0, v0000025f4e8e8a00_1, v0000025f4e8e8a00_2, v0000025f4e8e8a00_3;
E_0000025f4e50f8a0/2 .event anyedge, v0000025f4e8e8a00_4, v0000025f4e8e8a00_5, v0000025f4e8e8a00_6, v0000025f4e8e8a00_7;
E_0000025f4e50f8a0/3 .event anyedge, v0000025f4e8e8a00_8, v0000025f4e8e8a00_9, v0000025f4e8e8a00_10, v0000025f4e8e8a00_11;
E_0000025f4e50f8a0/4 .event anyedge, v0000025f4e8e8a00_12, v0000025f4e8e8a00_13, v0000025f4e8e8a00_14, v0000025f4e8e8a00_15;
E_0000025f4e50f8a0/5 .event anyedge, v0000025f4e8e8a00_16, v0000025f4e8e8a00_17, v0000025f4e8e8a00_18, v0000025f4e8e8a00_19;
E_0000025f4e50f8a0/6 .event anyedge, v0000025f4e8e8a00_20, v0000025f4e8e8a00_21, v0000025f4e8e8a00_22, v0000025f4e8e8a00_23;
E_0000025f4e50f8a0/7 .event anyedge, v0000025f4e8e8a00_24, v0000025f4e8e8a00_25, v0000025f4e8e8a00_26, v0000025f4e8e8a00_27;
E_0000025f4e50f8a0/8 .event anyedge, v0000025f4e8e8a00_28, v0000025f4e8e8a00_29, v0000025f4e8e8a00_30, v0000025f4e8e8a00_31;
E_0000025f4e50f8a0 .event/or E_0000025f4e50f8a0/0, E_0000025f4e50f8a0/1, E_0000025f4e50f8a0/2, E_0000025f4e50f8a0/3, E_0000025f4e50f8a0/4, E_0000025f4e50f8a0/5, E_0000025f4e50f8a0/6, E_0000025f4e50f8a0/7, E_0000025f4e50f8a0/8;
S_0000025f4e8e9fc0 .scope module, "u_ins_rom" "ins_rom" 3 17, 15 3 0, S_0000025f4e87da50;
 .timescale -9 -9;
    .port_info 0 /INPUT 32 "if2rom_ins_i";
    .port_info 1 /OUTPUT 32 "rom2if_ins_o";
L_0000025f4e9499f0 .functor BUFZ 32, L_0000025f4e946f60, C4<00000000000000000000000000000000>, C4<00000000000000000000000000000000>, C4<00000000000000000000000000000000>;
v0000025f4e8ed1a0_0 .net *"_ivl_0", 31 0, L_0000025f4e946f60;  1 drivers
v0000025f4e8ec3e0_0 .net *"_ivl_2", 31 0, L_0000025f4e9475a0;  1 drivers
v0000025f4e8ec700_0 .net *"_ivl_4", 29 0, L_0000025f4e947000;  1 drivers
L_0000025f4e8ee030 .functor BUFT 1, C4<00>, C4<0>, C4<0>, C4<0>;
v0000025f4e8ec7a0_0 .net *"_ivl_6", 1 0, L_0000025f4e8ee030;  1 drivers
v0000025f4e8ec480_0 .net "if2rom_ins_i", 31 0, L_0000025f4e4c3950;  alias, 1 drivers
v0000025f4e8eb8a0_0 .net "rom2if_ins_o", 31 0, L_0000025f4e9499f0;  alias, 1 drivers
v0000025f4e8ebf80 .array "rom_mem", 4095 0, 31 0;
L_0000025f4e946f60 .array/port v0000025f4e8ebf80, L_0000025f4e9475a0;
L_0000025f4e947000 .part L_0000025f4e4c3950, 2, 30;
L_0000025f4e9475a0 .concat [ 30 2 0 0], L_0000025f4e947000, L_0000025f4e8ee030;
    .scope S_0000025f4e8ddf60;
T_0 ;
    %wait E_0000025f4e516820;
    %load/vec4 v0000025f4e8e8640_0;
    %cmpi/e 0, 0, 1;
    %jmp/0xz  T_0.0, 4;
    %pushi/vec4 0, 0, 32;
    %assign/vec4 v0000025f4e8e7740_0, 0;
    %jmp T_0.1;
T_0.0 ;
    %load/vec4 v0000025f4e8e85a0_0;
    %cmpi/e 1, 0, 1;
    %jmp/0xz  T_0.2, 4;
    %load/vec4 v0000025f4e8e8aa0_0;
    %assign/vec4 v0000025f4e8e7740_0, 0;
    %jmp T_0.3;
T_0.2 ;
    %load/vec4 v0000025f4e8e7740_0;
    %addi 4, 0, 32;
    %assign/vec4 v0000025f4e8e7740_0, 0;
T_0.3 ;
T_0.1 ;
    %jmp T_0;
    .thread T_0;
    .scope S_0000025f4e8de280;
T_1 ;
    %wait E_0000025f4e516820;
    %load/vec4 v0000025f4e8e0f30_0;
    %cmpi/e 0, 0, 1;
    %jmp/1 T_1.2, 4;
    %flag_mov 8, 4;
    %load/vec4 v0000025f4e8e0df0_0;
    %cmpi/e 1, 0, 1;
    %flag_or 4, 8;
T_1.2;
    %jmp/0xz  T_1.0, 4;
    %load/vec4 v0000025f4e8e0d50_0;
    %assign/vec4 v0000025f4e8e08f0_0, 0;
    %jmp T_1.1;
T_1.0 ;
    %load/vec4 v0000025f4e8e0cb0_0;
    %assign/vec4 v0000025f4e8e08f0_0, 0;
T_1.1 ;
    %jmp T_1;
    .thread T_1;
    .scope S_0000025f4e8dddd0;
T_2 ;
    %wait E_0000025f4e516820;
    %load/vec4 v0000025f4e8e1b10_0;
    %cmpi/e 0, 0, 1;
    %jmp/1 T_2.2, 4;
    %flag_mov 8, 4;
    %load/vec4 v0000025f4e8e1a70_0;
    %cmpi/e 1, 0, 1;
    %flag_or 4, 8;
T_2.2;
    %jmp/0xz  T_2.0, 4;
    %load/vec4 v0000025f4e8e19d0_0;
    %assign/vec4 v0000025f4e8e1390_0, 0;
    %jmp T_2.1;
T_2.0 ;
    %load/vec4 v0000025f4e8e0670_0;
    %assign/vec4 v0000025f4e8e1390_0, 0;
T_2.1 ;
    %jmp T_2;
    .thread T_2;
    .scope S_0000025f4e8dd600;
T_3 ;
    %wait E_0000025f4e50f960;
    %load/vec4 v0000025f4e8e1110_0;
    %store/vec4 v0000025f4e8e14d0_0, 0, 32;
    %load/vec4 v0000025f4e8e0490_0;
    %store/vec4 v0000025f4e8e11b0_0, 0, 32;
    %pushi/vec4 0, 0, 1;
    %store/vec4 v0000025f4e8e0530_0, 0, 1;
    %load/vec4 v0000025f4e8e0e90_0;
    %dup/vec4;
    %pushi/vec4 19, 0, 7;
    %cmp/u;
    %jmp/1 T_3.0, 6;
    %dup/vec4;
    %pushi/vec4 51, 0, 7;
    %cmp/u;
    %jmp/1 T_3.1, 6;
    %dup/vec4;
    %pushi/vec4 99, 0, 7;
    %cmp/u;
    %jmp/1 T_3.2, 6;
    %dup/vec4;
    %pushi/vec4 111, 0, 7;
    %cmp/u;
    %jmp/1 T_3.3, 6;
    %pushi/vec4 0, 0, 5;
    %store/vec4 v0000025f4e8e0990_0, 0, 5;
    %pushi/vec4 0, 0, 5;
    %store/vec4 v0000025f4e8e1bb0_0, 0, 5;
    %pushi/vec4 0, 0, 32;
    %store/vec4 v0000025f4e8e16b0_0, 0, 32;
    %pushi/vec4 0, 0, 32;
    %store/vec4 v0000025f4e8e1750_0, 0, 32;
    %pushi/vec4 0, 0, 5;
    %store/vec4 v0000025f4e8e1610_0, 0, 5;
    %pushi/vec4 0, 0, 1;
    %store/vec4 v0000025f4e8e0530_0, 0, 1;
    %jmp T_3.5;
T_3.0 ;
    %load/vec4 v0000025f4e8e1570_0;
    %dup/vec4;
    %pushi/vec4 0, 0, 3;
    %cmp/u;
    %jmp/1 T_3.6, 6;
    %dup/vec4;
    %pushi/vec4 2, 0, 3;
    %cmp/u;
    %jmp/1 T_3.7, 6;
    %dup/vec4;
    %pushi/vec4 3, 0, 3;
    %cmp/u;
    %jmp/1 T_3.8, 6;
    %dup/vec4;
    %pushi/vec4 4, 0, 3;
    %cmp/u;
    %jmp/1 T_3.9, 6;
    %dup/vec4;
    %pushi/vec4 6, 0, 3;
    %cmp/u;
    %jmp/1 T_3.10, 6;
    %dup/vec4;
    %pushi/vec4 7, 0, 3;
    %cmp/u;
    %jmp/1 T_3.11, 6;
    %dup/vec4;
    %pushi/vec4 1, 0, 3;
    %cmp/u;
    %jmp/1 T_3.12, 6;
    %dup/vec4;
    %pushi/vec4 5, 0, 3;
    %cmp/u;
    %jmp/1 T_3.13, 6;
    %pushi/vec4 0, 0, 5;
    %store/vec4 v0000025f4e8e0990_0, 0, 5;
    %pushi/vec4 0, 0, 5;
    %store/vec4 v0000025f4e8e1bb0_0, 0, 5;
    %pushi/vec4 0, 0, 32;
    %store/vec4 v0000025f4e8e16b0_0, 0, 32;
    %pushi/vec4 0, 0, 32;
    %store/vec4 v0000025f4e8e1750_0, 0, 32;
    %pushi/vec4 0, 0, 5;
    %store/vec4 v0000025f4e8e1610_0, 0, 5;
    %pushi/vec4 0, 0, 1;
    %store/vec4 v0000025f4e8e0530_0, 0, 1;
    %jmp T_3.15;
T_3.6 ;
    %load/vec4 v0000025f4e8e1930_0;
    %store/vec4 v0000025f4e8e0990_0, 0, 5;
    %pushi/vec4 0, 0, 5;
    %store/vec4 v0000025f4e8e1bb0_0, 0, 5;
    %load/vec4 v0000025f4e8e0a30_0;
    %store/vec4 v0000025f4e8e16b0_0, 0, 32;
    %load/vec4 v0000025f4e8e0fd0_0;
    %parti/s 1, 11, 5;
    %replicate 20;
    %load/vec4 v0000025f4e8e0fd0_0;
    %concat/vec4; draw_concat_vec4
    %store/vec4 v0000025f4e8e1750_0, 0, 32;
    %load/vec4 v0000025f4e8e0ad0_0;
    %store/vec4 v0000025f4e8e1610_0, 0, 5;
    %pushi/vec4 1, 0, 1;
    %store/vec4 v0000025f4e8e0530_0, 0, 1;
    %jmp T_3.15;
T_3.7 ;
    %load/vec4 v0000025f4e8e1930_0;
    %store/vec4 v0000025f4e8e0990_0, 0, 5;
    %pushi/vec4 0, 0, 5;
    %store/vec4 v0000025f4e8e1bb0_0, 0, 5;
    %load/vec4 v0000025f4e8e0a30_0;
    %store/vec4 v0000025f4e8e16b0_0, 0, 32;
    %load/vec4 v0000025f4e8e0fd0_0;
    %parti/s 1, 11, 5;
    %replicate 20;
    %load/vec4 v0000025f4e8e0fd0_0;
    %concat/vec4; draw_concat_vec4
    %store/vec4 v0000025f4e8e1750_0, 0, 32;
    %load/vec4 v0000025f4e8e0ad0_0;
    %store/vec4 v0000025f4e8e1610_0, 0, 5;
    %pushi/vec4 1, 0, 1;
    %store/vec4 v0000025f4e8e0530_0, 0, 1;
    %jmp T_3.15;
T_3.8 ;
    %load/vec4 v0000025f4e8e1930_0;
    %store/vec4 v0000025f4e8e0990_0, 0, 5;
    %pushi/vec4 0, 0, 5;
    %store/vec4 v0000025f4e8e1bb0_0, 0, 5;
    %load/vec4 v0000025f4e8e0a30_0;
    %store/vec4 v0000025f4e8e16b0_0, 0, 32;
    %load/vec4 v0000025f4e8e0fd0_0;
    %parti/s 1, 11, 5;
    %replicate 20;
    %load/vec4 v0000025f4e8e0fd0_0;
    %concat/vec4; draw_concat_vec4
    %store/vec4 v0000025f4e8e1750_0, 0, 32;
    %load/vec4 v0000025f4e8e0ad0_0;
    %store/vec4 v0000025f4e8e1610_0, 0, 5;
    %pushi/vec4 1, 0, 1;
    %store/vec4 v0000025f4e8e0530_0, 0, 1;
    %jmp T_3.15;
T_3.9 ;
    %load/vec4 v0000025f4e8e1930_0;
    %store/vec4 v0000025f4e8e0990_0, 0, 5;
    %pushi/vec4 0, 0, 5;
    %store/vec4 v0000025f4e8e1bb0_0, 0, 5;
    %load/vec4 v0000025f4e8e0a30_0;
    %store/vec4 v0000025f4e8e16b0_0, 0, 32;
    %load/vec4 v0000025f4e8e0fd0_0;
    %parti/s 1, 11, 5;
    %replicate 20;
    %load/vec4 v0000025f4e8e0fd0_0;
    %concat/vec4; draw_concat_vec4
    %store/vec4 v0000025f4e8e1750_0, 0, 32;
    %load/vec4 v0000025f4e8e0ad0_0;
    %store/vec4 v0000025f4e8e1610_0, 0, 5;
    %pushi/vec4 1, 0, 1;
    %store/vec4 v0000025f4e8e0530_0, 0, 1;
    %jmp T_3.15;
T_3.10 ;
    %load/vec4 v0000025f4e8e1930_0;
    %store/vec4 v0000025f4e8e0990_0, 0, 5;
    %pushi/vec4 0, 0, 5;
    %store/vec4 v0000025f4e8e1bb0_0, 0, 5;
    %load/vec4 v0000025f4e8e0a30_0;
    %store/vec4 v0000025f4e8e16b0_0, 0, 32;
    %load/vec4 v0000025f4e8e0fd0_0;
    %parti/s 1, 11, 5;
    %replicate 20;
    %load/vec4 v0000025f4e8e0fd0_0;
    %concat/vec4; draw_concat_vec4
    %store/vec4 v0000025f4e8e1750_0, 0, 32;
    %load/vec4 v0000025f4e8e0ad0_0;
    %store/vec4 v0000025f4e8e1610_0, 0, 5;
    %pushi/vec4 1, 0, 1;
    %store/vec4 v0000025f4e8e0530_0, 0, 1;
    %jmp T_3.15;
T_3.11 ;
    %load/vec4 v0000025f4e8e1930_0;
    %store/vec4 v0000025f4e8e0990_0, 0, 5;
    %pushi/vec4 0, 0, 5;
    %store/vec4 v0000025f4e8e1bb0_0, 0, 5;
    %load/vec4 v0000025f4e8e0a30_0;
    %store/vec4 v0000025f4e8e16b0_0, 0, 32;
    %load/vec4 v0000025f4e8e0fd0_0;
    %parti/s 1, 11, 5;
    %replicate 20;
    %load/vec4 v0000025f4e8e0fd0_0;
    %concat/vec4; draw_concat_vec4
    %store/vec4 v0000025f4e8e1750_0, 0, 32;
    %load/vec4 v0000025f4e8e0ad0_0;
    %store/vec4 v0000025f4e8e1610_0, 0, 5;
    %pushi/vec4 1, 0, 1;
    %store/vec4 v0000025f4e8e0530_0, 0, 1;
    %jmp T_3.15;
T_3.12 ;
    %load/vec4 v0000025f4e8e1930_0;
    %store/vec4 v0000025f4e8e0990_0, 0, 5;
    %pushi/vec4 0, 0, 5;
    %store/vec4 v0000025f4e8e1bb0_0, 0, 5;
    %load/vec4 v0000025f4e8e0a30_0;
    %store/vec4 v0000025f4e8e16b0_0, 0, 32;
    %load/vec4 v0000025f4e8e0fd0_0;
    %parti/s 1, 11, 5;
    %replicate 20;
    %load/vec4 v0000025f4e8e0fd0_0;
    %concat/vec4; draw_concat_vec4
    %store/vec4 v0000025f4e8e1750_0, 0, 32;
    %load/vec4 v0000025f4e8e0ad0_0;
    %store/vec4 v0000025f4e8e1610_0, 0, 5;
    %pushi/vec4 1, 0, 1;
    %store/vec4 v0000025f4e8e0530_0, 0, 1;
    %jmp T_3.15;
T_3.13 ;
    %load/vec4 v0000025f4e8e1930_0;
    %store/vec4 v0000025f4e8e0990_0, 0, 5;
    %pushi/vec4 0, 0, 5;
    %store/vec4 v0000025f4e8e1bb0_0, 0, 5;
    %load/vec4 v0000025f4e8e0a30_0;
    %store/vec4 v0000025f4e8e16b0_0, 0, 32;
    %load/vec4 v0000025f4e8e0fd0_0;
    %parti/s 1, 11, 5;
    %replicate 20;
    %load/vec4 v0000025f4e8e0fd0_0;
    %concat/vec4; draw_concat_vec4
    %store/vec4 v0000025f4e8e1750_0, 0, 32;
    %load/vec4 v0000025f4e8e0ad0_0;
    %store/vec4 v0000025f4e8e1610_0, 0, 5;
    %pushi/vec4 1, 0, 1;
    %store/vec4 v0000025f4e8e0530_0, 0, 1;
    %jmp T_3.15;
T_3.15 ;
    %pop/vec4 1;
    %jmp T_3.5;
T_3.1 ;
    %load/vec4 v0000025f4e8e1570_0;
    %dup/vec4;
    %pushi/vec4 0, 0, 3;
    %cmp/u;
    %jmp/1 T_3.16, 6;
    %pushi/vec4 0, 0, 5;
    %store/vec4 v0000025f4e8e0990_0, 0, 5;
    %pushi/vec4 0, 0, 5;
    %store/vec4 v0000025f4e8e1bb0_0, 0, 5;
    %pushi/vec4 0, 0, 32;
    %store/vec4 v0000025f4e8e16b0_0, 0, 32;
    %pushi/vec4 0, 0, 32;
    %store/vec4 v0000025f4e8e1750_0, 0, 32;
    %pushi/vec4 0, 0, 5;
    %store/vec4 v0000025f4e8e1610_0, 0, 5;
    %pushi/vec4 0, 0, 1;
    %store/vec4 v0000025f4e8e0530_0, 0, 1;
    %jmp T_3.18;
T_3.16 ;
    %load/vec4 v0000025f4e8e1930_0;
    %store/vec4 v0000025f4e8e0990_0, 0, 5;
    %load/vec4 v0000025f4e8e0850_0;
    %store/vec4 v0000025f4e8e1bb0_0, 0, 5;
    %load/vec4 v0000025f4e8e0a30_0;
    %store/vec4 v0000025f4e8e16b0_0, 0, 32;
    %load/vec4 v0000025f4e8e1250_0;
    %store/vec4 v0000025f4e8e1750_0, 0, 32;
    %load/vec4 v0000025f4e8e0ad0_0;
    %store/vec4 v0000025f4e8e1610_0, 0, 5;
    %pushi/vec4 1, 0, 1;
    %store/vec4 v0000025f4e8e0530_0, 0, 1;
    %jmp T_3.18;
T_3.18 ;
    %pop/vec4 1;
    %jmp T_3.5;
T_3.2 ;
    %load/vec4 v0000025f4e8e1570_0;
    %dup/vec4;
    %pushi/vec4 0, 0, 3;
    %cmp/u;
    %jmp/1 T_3.19, 6;
    %dup/vec4;
    %pushi/vec4 1, 0, 3;
    %cmp/u;
    %jmp/1 T_3.20, 6;
    %dup/vec4;
    %pushi/vec4 4, 0, 3;
    %cmp/u;
    %jmp/1 T_3.21, 6;
    %dup/vec4;
    %pushi/vec4 5, 0, 3;
    %cmp/u;
    %jmp/1 T_3.22, 6;
    %dup/vec4;
    %pushi/vec4 6, 0, 3;
    %cmp/u;
    %jmp/1 T_3.23, 6;
    %dup/vec4;
    %pushi/vec4 7, 0, 3;
    %cmp/u;
    %jmp/1 T_3.24, 6;
    %pushi/vec4 0, 0, 5;
    %store/vec4 v0000025f4e8e0990_0, 0, 5;
    %pushi/vec4 0, 0, 5;
    %store/vec4 v0000025f4e8e1bb0_0, 0, 5;
    %pushi/vec4 0, 0, 32;
    %store/vec4 v0000025f4e8e16b0_0, 0, 32;
    %pushi/vec4 0, 0, 32;
    %store/vec4 v0000025f4e8e1750_0, 0, 32;
    %pushi/vec4 0, 0, 5;
    %store/vec4 v0000025f4e8e1610_0, 0, 5;
    %pushi/vec4 0, 0, 1;
    %store/vec4 v0000025f4e8e0530_0, 0, 1;
    %jmp T_3.26;
T_3.19 ;
    %load/vec4 v0000025f4e8e1930_0;
    %store/vec4 v0000025f4e8e0990_0, 0, 5;
    %load/vec4 v0000025f4e8e0850_0;
    %store/vec4 v0000025f4e8e1bb0_0, 0, 5;
    %load/vec4 v0000025f4e8e0a30_0;
    %store/vec4 v0000025f4e8e16b0_0, 0, 32;
    %load/vec4 v0000025f4e8e1250_0;
    %store/vec4 v0000025f4e8e1750_0, 0, 32;
    %load/vec4 v0000025f4e8e05d0_0;
    %parti/s 1, 12, 5;
    %replicate 19;
    %load/vec4 v0000025f4e8e05d0_0;
    %concat/vec4; draw_concat_vec4
    %store/vec4 v0000025f4e8e2330_0, 0, 32;
    %pushi/vec4 0, 0, 5;
    %store/vec4 v0000025f4e8e1610_0, 0, 5;
    %pushi/vec4 0, 0, 1;
    %store/vec4 v0000025f4e8e0530_0, 0, 1;
    %jmp T_3.26;
T_3.20 ;
    %load/vec4 v0000025f4e8e1930_0;
    %store/vec4 v0000025f4e8e0990_0, 0, 5;
    %load/vec4 v0000025f4e8e0850_0;
    %store/vec4 v0000025f4e8e1bb0_0, 0, 5;
    %load/vec4 v0000025f4e8e0a30_0;
    %store/vec4 v0000025f4e8e16b0_0, 0, 32;
    %load/vec4 v0000025f4e8e1250_0;
    %store/vec4 v0000025f4e8e1750_0, 0, 32;
    %load/vec4 v0000025f4e8e05d0_0;
    %parti/s 1, 12, 5;
    %replicate 19;
    %load/vec4 v0000025f4e8e05d0_0;
    %concat/vec4; draw_concat_vec4
    %store/vec4 v0000025f4e8e2330_0, 0, 32;
    %pushi/vec4 0, 0, 5;
    %store/vec4 v0000025f4e8e1610_0, 0, 5;
    %pushi/vec4 0, 0, 1;
    %store/vec4 v0000025f4e8e0530_0, 0, 1;
    %jmp T_3.26;
T_3.21 ;
    %load/vec4 v0000025f4e8e1930_0;
    %store/vec4 v0000025f4e8e0990_0, 0, 5;
    %load/vec4 v0000025f4e8e0850_0;
    %store/vec4 v0000025f4e8e1bb0_0, 0, 5;
    %load/vec4 v0000025f4e8e0a30_0;
    %store/vec4 v0000025f4e8e16b0_0, 0, 32;
    %load/vec4 v0000025f4e8e1250_0;
    %store/vec4 v0000025f4e8e1750_0, 0, 32;
    %load/vec4 v0000025f4e8e05d0_0;
    %parti/s 1, 12, 5;
    %replicate 19;
    %load/vec4 v0000025f4e8e05d0_0;
    %concat/vec4; draw_concat_vec4
    %store/vec4 v0000025f4e8e2330_0, 0, 32;
    %pushi/vec4 0, 0, 5;
    %store/vec4 v0000025f4e8e1610_0, 0, 5;
    %pushi/vec4 0, 0, 1;
    %store/vec4 v0000025f4e8e0530_0, 0, 1;
    %jmp T_3.26;
T_3.22 ;
    %load/vec4 v0000025f4e8e1930_0;
    %store/vec4 v0000025f4e8e0990_0, 0, 5;
    %load/vec4 v0000025f4e8e0850_0;
    %store/vec4 v0000025f4e8e1bb0_0, 0, 5;
    %load/vec4 v0000025f4e8e0a30_0;
    %store/vec4 v0000025f4e8e16b0_0, 0, 32;
    %load/vec4 v0000025f4e8e1250_0;
    %store/vec4 v0000025f4e8e1750_0, 0, 32;
    %load/vec4 v0000025f4e8e05d0_0;
    %parti/s 1, 12, 5;
    %replicate 19;
    %load/vec4 v0000025f4e8e05d0_0;
    %concat/vec4; draw_concat_vec4
    %store/vec4 v0000025f4e8e2330_0, 0, 32;
    %pushi/vec4 0, 0, 5;
    %store/vec4 v0000025f4e8e1610_0, 0, 5;
    %pushi/vec4 0, 0, 1;
    %store/vec4 v0000025f4e8e0530_0, 0, 1;
    %jmp T_3.26;
T_3.23 ;
    %load/vec4 v0000025f4e8e1930_0;
    %store/vec4 v0000025f4e8e0990_0, 0, 5;
    %load/vec4 v0000025f4e8e0850_0;
    %store/vec4 v0000025f4e8e1bb0_0, 0, 5;
    %load/vec4 v0000025f4e8e0a30_0;
    %store/vec4 v0000025f4e8e16b0_0, 0, 32;
    %load/vec4 v0000025f4e8e1250_0;
    %store/vec4 v0000025f4e8e1750_0, 0, 32;
    %load/vec4 v0000025f4e8e05d0_0;
    %parti/s 1, 12, 5;
    %replicate 19;
    %load/vec4 v0000025f4e8e05d0_0;
    %concat/vec4; draw_concat_vec4
    %store/vec4 v0000025f4e8e2330_0, 0, 32;
    %pushi/vec4 0, 0, 5;
    %store/vec4 v0000025f4e8e1610_0, 0, 5;
    %pushi/vec4 0, 0, 1;
    %store/vec4 v0000025f4e8e0530_0, 0, 1;
    %jmp T_3.26;
T_3.24 ;
    %load/vec4 v0000025f4e8e1930_0;
    %store/vec4 v0000025f4e8e0990_0, 0, 5;
    %load/vec4 v0000025f4e8e0850_0;
    %store/vec4 v0000025f4e8e1bb0_0, 0, 5;
    %load/vec4 v0000025f4e8e0a30_0;
    %store/vec4 v0000025f4e8e16b0_0, 0, 32;
    %load/vec4 v0000025f4e8e1250_0;
    %store/vec4 v0000025f4e8e1750_0, 0, 32;
    %load/vec4 v0000025f4e8e05d0_0;
    %parti/s 1, 12, 5;
    %replicate 19;
    %load/vec4 v0000025f4e8e05d0_0;
    %concat/vec4; draw_concat_vec4
    %store/vec4 v0000025f4e8e2330_0, 0, 32;
    %pushi/vec4 0, 0, 5;
    %store/vec4 v0000025f4e8e1610_0, 0, 5;
    %pushi/vec4 0, 0, 1;
    %store/vec4 v0000025f4e8e0530_0, 0, 1;
    %jmp T_3.26;
T_3.26 ;
    %pop/vec4 1;
    %jmp T_3.5;
T_3.3 ;
    %load/vec4 v0000025f4e8e0ad0_0;
    %store/vec4 v0000025f4e8e1610_0, 0, 5;
    %load/vec4 v0000025f4e8e0710_0;
    %parti/s 1, 20, 6;
    %replicate 11;
    %load/vec4 v0000025f4e8e0710_0;
    %concat/vec4; draw_concat_vec4
    %store/vec4 v0000025f4e8e1cf0_0, 0, 32;
    %pushi/vec4 0, 0, 1;
    %store/vec4 v0000025f4e8e0530_0, 0, 1;
    %jmp T_3.5;
T_3.5 ;
    %pop/vec4 1;
    %jmp T_3;
    .thread T_3, $push;
    .scope S_0000025f4e48ffe0;
T_4 ;
    %wait E_0000025f4e516820;
    %load/vec4 v0000025f4e8d10f0_0;
    %cmpi/e 0, 0, 1;
    %jmp/1 T_4.2, 4;
    %flag_mov 8, 4;
    %load/vec4 v0000025f4e8d0970_0;
    %cmpi/e 1, 0, 1;
    %flag_or 4, 8;
T_4.2;
    %jmp/0xz  T_4.0, 4;
    %load/vec4 v0000025f4e8d08d0_0;
    %assign/vec4 v0000025f4e8cfc50_0, 0;
    %jmp T_4.1;
T_4.0 ;
    %load/vec4 v0000025f4e8d1050_0;
    %assign/vec4 v0000025f4e8cfc50_0, 0;
T_4.1 ;
    %jmp T_4;
    .thread T_4;
    .scope S_0000025f4e4e35d0;
T_5 ;
    %wait E_0000025f4e516820;
    %load/vec4 v0000025f4e8d2fc0_0;
    %cmpi/e 0, 0, 1;
    %jmp/1 T_5.2, 4;
    %flag_mov 8, 4;
    %load/vec4 v0000025f4e8d28e0_0;
    %cmpi/e 1, 0, 1;
    %flag_or 4, 8;
T_5.2;
    %jmp/0xz  T_5.0, 4;
    %load/vec4 v0000025f4e8d1c60_0;
    %assign/vec4 v0000025f4e8d1e40_0, 0;
    %jmp T_5.1;
T_5.0 ;
    %load/vec4 v0000025f4e8d2480_0;
    %assign/vec4 v0000025f4e8d1e40_0, 0;
T_5.1 ;
    %jmp T_5;
    .thread T_5;
    .scope S_0000025f4e478e40;
T_6 ;
    %wait E_0000025f4e516820;
    %load/vec4 v0000025f4e8d1d00_0;
    %cmpi/e 0, 0, 1;
    %jmp/1 T_6.2, 4;
    %flag_mov 8, 4;
    %load/vec4 v0000025f4e8d1580_0;
    %cmpi/e 1, 0, 1;
    %flag_or 4, 8;
T_6.2;
    %jmp/0xz  T_6.0, 4;
    %load/vec4 v0000025f4e8d3240_0;
    %assign/vec4 v0000025f4e8d2160_0, 0;
    %jmp T_6.1;
T_6.0 ;
    %load/vec4 v0000025f4e8d1ee0_0;
    %assign/vec4 v0000025f4e8d2160_0, 0;
T_6.1 ;
    %jmp T_6;
    .thread T_6;
    .scope S_0000025f4e478fd0;
T_7 ;
    %wait E_0000025f4e516820;
    %load/vec4 v0000025f4e8d3100_0;
    %cmpi/e 0, 0, 1;
    %jmp/1 T_7.2, 4;
    %flag_mov 8, 4;
    %load/vec4 v0000025f4e8d2d40_0;
    %cmpi/e 1, 0, 1;
    %flag_or 4, 8;
T_7.2;
    %jmp/0xz  T_7.0, 4;
    %load/vec4 v0000025f4e8d32e0_0;
    %assign/vec4 v0000025f4e8d1620_0, 0;
    %jmp T_7.1;
T_7.0 ;
    %load/vec4 v0000025f4e8d2200_0;
    %assign/vec4 v0000025f4e8d1620_0, 0;
T_7.1 ;
    %jmp T_7;
    .thread T_7;
    .scope S_0000025f4e48ddd0;
T_8 ;
    %wait E_0000025f4e516820;
    %load/vec4 v0000025f4e8d31a0_0;
    %cmpi/e 0, 0, 1;
    %jmp/1 T_8.2, 4;
    %flag_mov 8, 4;
    %load/vec4 v0000025f4e8d23e0_0;
    %cmpi/e 1, 0, 1;
    %flag_or 4, 8;
T_8.2;
    %jmp/0xz  T_8.0, 4;
    %load/vec4 v0000025f4e8d2ca0_0;
    %assign/vec4 v0000025f4e8d2c00_0, 0;
    %jmp T_8.1;
T_8.0 ;
    %load/vec4 v0000025f4e8d2ac0_0;
    %assign/vec4 v0000025f4e8d2c00_0, 0;
T_8.1 ;
    %jmp T_8;
    .thread T_8;
    .scope S_0000025f4e8dd470;
T_9 ;
    %wait E_0000025f4e516820;
    %load/vec4 v0000025f4e8df100_0;
    %cmpi/e 0, 0, 1;
    %jmp/1 T_9.2, 4;
    %flag_mov 8, 4;
    %load/vec4 v0000025f4e8d19e0_0;
    %cmpi/e 1, 0, 1;
    %flag_or 4, 8;
T_9.2;
    %jmp/0xz  T_9.0, 4;
    %load/vec4 v0000025f4e8d1800_0;
    %assign/vec4 v0000025f4e8d1440_0, 0;
    %jmp T_9.1;
T_9.0 ;
    %load/vec4 v0000025f4e8d2700_0;
    %assign/vec4 v0000025f4e8d1440_0, 0;
T_9.1 ;
    %jmp T_9;
    .thread T_9;
    .scope S_0000025f4e8ddc40;
T_10 ;
    %wait E_0000025f4e516820;
    %load/vec4 v0000025f4e8de980_0;
    %cmpi/e 0, 0, 1;
    %jmp/1 T_10.2, 4;
    %flag_mov 8, 4;
    %load/vec4 v0000025f4e8df420_0;
    %cmpi/e 1, 0, 1;
    %flag_or 4, 8;
T_10.2;
    %jmp/0xz  T_10.0, 4;
    %load/vec4 v0000025f4e8dede0_0;
    %assign/vec4 v0000025f4e8df4c0_0, 0;
    %jmp T_10.1;
T_10.0 ;
    %load/vec4 v0000025f4e8de660_0;
    %assign/vec4 v0000025f4e8df4c0_0, 0;
T_10.1 ;
    %jmp T_10;
    .thread T_10;
    .scope S_0000025f4e8ddab0;
T_11 ;
    %wait E_0000025f4e516820;
    %load/vec4 v0000025f4e8de520_0;
    %cmpi/e 0, 0, 1;
    %jmp/1 T_11.2, 4;
    %flag_mov 8, 4;
    %load/vec4 v0000025f4e8deca0_0;
    %cmpi/e 1, 0, 1;
    %flag_or 4, 8;
T_11.2;
    %jmp/0xz  T_11.0, 4;
    %load/vec4 v0000025f4e8dfec0_0;
    %assign/vec4 v0000025f4e8de480_0, 0;
    %jmp T_11.1;
T_11.0 ;
    %load/vec4 v0000025f4e8dec00_0;
    %assign/vec4 v0000025f4e8de480_0, 0;
T_11.1 ;
    %jmp T_11;
    .thread T_11;
    .scope S_0000025f4e8de0f0;
T_12 ;
    %wait E_0000025f4e516820;
    %load/vec4 v0000025f4e8dfa60_0;
    %cmpi/e 0, 0, 1;
    %jmp/1 T_12.2, 4;
    %flag_mov 8, 4;
    %load/vec4 v0000025f4e8de7a0_0;
    %cmpi/e 1, 0, 1;
    %flag_or 4, 8;
T_12.2;
    %jmp/0xz  T_12.0, 4;
    %load/vec4 v0000025f4e8ded40_0;
    %assign/vec4 v0000025f4e8de840_0, 0;
    %jmp T_12.1;
T_12.0 ;
    %load/vec4 v0000025f4e8def20_0;
    %assign/vec4 v0000025f4e8de840_0, 0;
T_12.1 ;
    %jmp T_12;
    .thread T_12;
    .scope S_0000025f4e490170;
T_13 ;
    %wait E_0000025f4e516820;
    %load/vec4 v0000025f4e8d1a80_0;
    %cmpi/e 0, 0, 1;
    %jmp/1 T_13.2, 4;
    %flag_mov 8, 4;
    %load/vec4 v0000025f4e8d1f80_0;
    %cmpi/e 1, 0, 1;
    %flag_or 4, 8;
T_13.2;
    %jmp/0xz  T_13.0, 4;
    %load/vec4 v0000025f4e8d2020_0;
    %assign/vec4 v0000025f4e8cf610_0, 0;
    %jmp T_13.1;
T_13.0 ;
    %load/vec4 v0000025f4e8d1190_0;
    %assign/vec4 v0000025f4e8cf610_0, 0;
T_13.1 ;
    %jmp T_13;
    .thread T_13;
    .scope S_0000025f4e4a3350;
T_14 ;
    %wait E_0000025f4e516820;
    %load/vec4 v0000025f4e8d2b60_0;
    %cmpi/e 0, 0, 1;
    %jmp/1 T_14.2, 4;
    %flag_mov 8, 4;
    %load/vec4 v0000025f4e8d16c0_0;
    %cmpi/e 1, 0, 1;
    %flag_or 4, 8;
T_14.2;
    %jmp/0xz  T_14.0, 4;
    %load/vec4 v0000025f4e8d14e0_0;
    %assign/vec4 v0000025f4e8d18a0_0, 0;
    %jmp T_14.1;
T_14.0 ;
    %load/vec4 v0000025f4e8d22a0_0;
    %assign/vec4 v0000025f4e8d18a0_0, 0;
T_14.1 ;
    %jmp T_14;
    .thread T_14;
    .scope S_0000025f4e4a34e0;
T_15 ;
    %wait E_0000025f4e516820;
    %load/vec4 v0000025f4e8d20c0_0;
    %cmpi/e 0, 0, 1;
    %jmp/1 T_15.2, 4;
    %flag_mov 8, 4;
    %load/vec4 v0000025f4e8d2de0_0;
    %cmpi/e 1, 0, 1;
    %flag_or 4, 8;
T_15.2;
    %jmp/0xz  T_15.0, 4;
    %load/vec4 v0000025f4e8d25c0_0;
    %assign/vec4 v0000025f4e8d2340_0, 0;
    %jmp T_15.1;
T_15.0 ;
    %load/vec4 v0000025f4e8d2660_0;
    %assign/vec4 v0000025f4e8d2340_0, 0;
T_15.1 ;
    %jmp T_15;
    .thread T_15;
    .scope S_0000025f4e4e3440;
T_16 ;
    %wait E_0000025f4e516820;
    %load/vec4 v0000025f4e8d1b20_0;
    %cmpi/e 0, 0, 1;
    %jmp/1 T_16.2, 4;
    %flag_mov 8, 4;
    %load/vec4 v0000025f4e8d2e80_0;
    %cmpi/e 1, 0, 1;
    %flag_or 4, 8;
T_16.2;
    %jmp/0xz  T_16.0, 4;
    %load/vec4 v0000025f4e8d2840_0;
    %assign/vec4 v0000025f4e8d1da0_0, 0;
    %jmp T_16.1;
T_16.0 ;
    %load/vec4 v0000025f4e8d2980_0;
    %assign/vec4 v0000025f4e8d1da0_0, 0;
T_16.1 ;
    %jmp T_16;
    .thread T_16;
    .scope S_0000025f4e4692c0;
T_17 ;
    %wait E_0000025f4e5169e0;
    %load/vec4 v0000025f4e8d0a10_0;
    %store/vec4 v0000025f4e8d03d0_0, 0, 1;
    %load/vec4 v0000025f4e8cf930_0;
    %dup/vec4;
    %pushi/vec4 19, 0, 7;
    %cmp/u;
    %jmp/1 T_17.0, 6;
    %dup/vec4;
    %pushi/vec4 51, 0, 7;
    %cmp/u;
    %jmp/1 T_17.1, 6;
    %dup/vec4;
    %pushi/vec4 99, 0, 7;
    %cmp/u;
    %jmp/1 T_17.2, 6;
    %dup/vec4;
    %pushi/vec4 111, 0, 7;
    %cmp/u;
    %jmp/1 T_17.3, 6;
    %pushi/vec4 0, 0, 1;
    %store/vec4 v0000025f4e8d1230_0, 0, 1;
    %pushi/vec4 0, 0, 32;
    %store/vec4 v0000025f4e8cf4d0_0, 0, 32;
    %pushi/vec4 0, 0, 5;
    %store/vec4 v0000025f4e8d0d30_0, 0, 5;
    %pushi/vec4 0, 0, 32;
    %store/vec4 v0000025f4e8d0c90_0, 0, 32;
    %jmp T_17.5;
T_17.0 ;
    %load/vec4 v0000025f4e8d0fb0_0;
    %dup/vec4;
    %pushi/vec4 0, 0, 3;
    %cmp/u;
    %jmp/1 T_17.6, 6;
    %dup/vec4;
    %pushi/vec4 2, 0, 3;
    %cmp/u;
    %jmp/1 T_17.7, 6;
    %dup/vec4;
    %pushi/vec4 3, 0, 3;
    %cmp/u;
    %jmp/1 T_17.8, 6;
    %dup/vec4;
    %pushi/vec4 4, 0, 3;
    %cmp/u;
    %jmp/1 T_17.9, 6;
    %dup/vec4;
    %pushi/vec4 6, 0, 3;
    %cmp/u;
    %jmp/1 T_17.10, 6;
    %dup/vec4;
    %pushi/vec4 7, 0, 3;
    %cmp/u;
    %jmp/1 T_17.11, 6;
    %dup/vec4;
    %pushi/vec4 1, 0, 3;
    %cmp/u;
    %jmp/1 T_17.12, 6;
    %dup/vec4;
    %pushi/vec4 5, 0, 3;
    %cmp/u;
    %jmp/1 T_17.13, 6;
    %pushi/vec4 0, 0, 5;
    %store/vec4 v0000025f4e8d0d30_0, 0, 5;
    %pushi/vec4 0, 0, 32;
    %store/vec4 v0000025f4e8d0c90_0, 0, 32;
    %jmp T_17.15;
T_17.6 ;
    %load/vec4 v0000025f4e8d0290_0;
    %store/vec4 v0000025f4e8d0d30_0, 0, 5;
    %load/vec4 v0000025f4e8d0510_0;
    %store/vec4 v0000025f4e8d0c90_0, 0, 32;
    %jmp T_17.15;
T_17.7 ;
    %load/vec4 v0000025f4e8d0290_0;
    %store/vec4 v0000025f4e8d0d30_0, 0, 5;
    %load/vec4 v0000025f4e8cfe30_0;
    %store/vec4 v0000025f4e8d0c90_0, 0, 32;
    %jmp T_17.15;
T_17.8 ;
    %load/vec4 v0000025f4e8d0290_0;
    %store/vec4 v0000025f4e8d0d30_0, 0, 5;
    %load/vec4 v0000025f4e8d12d0_0;
    %store/vec4 v0000025f4e8d0c90_0, 0, 32;
    %jmp T_17.15;
T_17.9 ;
    %load/vec4 v0000025f4e8d0290_0;
    %store/vec4 v0000025f4e8d0d30_0, 0, 5;
    %load/vec4 v0000025f4e8d0010_0;
    %store/vec4 v0000025f4e8d0c90_0, 0, 32;
    %jmp T_17.15;
T_17.10 ;
    %load/vec4 v0000025f4e8d0290_0;
    %store/vec4 v0000025f4e8d0d30_0, 0, 5;
    %load/vec4 v0000025f4e8cf890_0;
    %store/vec4 v0000025f4e8d0c90_0, 0, 32;
    %jmp T_17.15;
T_17.11 ;
    %load/vec4 v0000025f4e8d0290_0;
    %store/vec4 v0000025f4e8d0d30_0, 0, 5;
    %load/vec4 v0000025f4e8cff70_0;
    %store/vec4 v0000025f4e8d0c90_0, 0, 32;
    %jmp T_17.15;
T_17.12 ;
    %load/vec4 v0000025f4e8d0290_0;
    %store/vec4 v0000025f4e8d0d30_0, 0, 5;
    %load/vec4 v0000025f4e8d0150_0;
    %store/vec4 v0000025f4e8d0c90_0, 0, 32;
    %jmp T_17.15;
T_17.13 ;
    %load/vec4 v0000025f4e8d0290_0;
    %store/vec4 v0000025f4e8d0d30_0, 0, 5;
    %load/vec4 v0000025f4e8d0b50_0;
    %store/vec4 v0000025f4e8d0c90_0, 0, 32;
    %jmp T_17.15;
T_17.15 ;
    %pop/vec4 1;
    %jmp T_17.5;
T_17.1 ;
    %load/vec4 v0000025f4e8d0fb0_0;
    %dup/vec4;
    %pushi/vec4 0, 0, 3;
    %cmp/u;
    %jmp/1 T_17.16, 6;
    %load/vec4 v0000025f4e8d0290_0;
    %store/vec4 v0000025f4e8d0d30_0, 0, 5;
    %pushi/vec4 0, 0, 32;
    %store/vec4 v0000025f4e8d0c90_0, 0, 32;
    %jmp T_17.18;
T_17.16 ;
    %load/vec4 v0000025f4e8d0290_0;
    %store/vec4 v0000025f4e8d0d30_0, 0, 5;
    %load/vec4 v0000025f4e8d0510_0;
    %store/vec4 v0000025f4e8d0c90_0, 0, 32;
    %jmp T_17.18;
T_17.18 ;
    %pop/vec4 1;
    %jmp T_17.5;
T_17.2 ;
    %load/vec4 v0000025f4e8d0fb0_0;
    %dup/vec4;
    %pushi/vec4 0, 0, 3;
    %cmp/u;
    %jmp/1 T_17.19, 6;
    %dup/vec4;
    %pushi/vec4 1, 0, 3;
    %cmp/u;
    %jmp/1 T_17.20, 6;
    %dup/vec4;
    %pushi/vec4 4, 0, 3;
    %cmp/u;
    %jmp/1 T_17.21, 6;
    %dup/vec4;
    %pushi/vec4 5, 0, 3;
    %cmp/u;
    %jmp/1 T_17.22, 6;
    %dup/vec4;
    %pushi/vec4 6, 0, 3;
    %cmp/u;
    %jmp/1 T_17.23, 6;
    %dup/vec4;
    %pushi/vec4 7, 0, 3;
    %cmp/u;
    %jmp/1 T_17.24, 6;
    %pushi/vec4 0, 0, 1;
    %store/vec4 v0000025f4e8d1230_0, 0, 1;
    %pushi/vec4 0, 0, 32;
    %store/vec4 v0000025f4e8cf4d0_0, 0, 32;
    %pushi/vec4 0, 0, 5;
    %store/vec4 v0000025f4e8d0d30_0, 0, 5;
    %pushi/vec4 0, 0, 32;
    %store/vec4 v0000025f4e8d0c90_0, 0, 32;
    %jmp T_17.26;
T_17.19 ;
    %load/vec4 v0000025f4e8cfd90_0;
    %cmpi/e 1, 0, 1;
    %flag_mov 8, 4;
    %jmp/0 T_17.27, 8;
    %pushi/vec4 1, 0, 1;
    %jmp/1 T_17.28, 8;
T_17.27 ; End of true expr.
    %pushi/vec4 0, 0, 1;
    %jmp/0 T_17.28, 8;
 ; End of false expr.
    %blend;
T_17.28;
    %store/vec4 v0000025f4e8d1230_0, 0, 1;
    %load/vec4 v0000025f4e8cfd90_0;
    %cmpi/e 1, 0, 1;
    %flag_mov 8, 4;
    %jmp/0 T_17.29, 8;
    %load/vec4 v0000025f4e8cf6b0_0;
    %load/vec4 v0000025f4e8d0dd0_0;
    %add;
    %jmp/1 T_17.30, 8;
T_17.29 ; End of true expr.
    %pushi/vec4 0, 0, 32;
    %jmp/0 T_17.30, 8;
 ; End of false expr.
    %blend;
T_17.30;
    %store/vec4 v0000025f4e8cf4d0_0, 0, 32;
    %pushi/vec4 0, 0, 5;
    %store/vec4 v0000025f4e8d0d30_0, 0, 5;
    %pushi/vec4 0, 0, 32;
    %store/vec4 v0000025f4e8d0c90_0, 0, 32;
    %jmp T_17.26;
T_17.20 ;
    %load/vec4 v0000025f4e8d0330_0;
    %cmpi/e 1, 0, 1;
    %flag_mov 8, 4;
    %jmp/0 T_17.31, 8;
    %pushi/vec4 1, 0, 1;
    %jmp/1 T_17.32, 8;
T_17.31 ; End of true expr.
    %pushi/vec4 0, 0, 1;
    %jmp/0 T_17.32, 8;
 ; End of false expr.
    %blend;
T_17.32;
    %store/vec4 v0000025f4e8d1230_0, 0, 1;
    %load/vec4 v0000025f4e8d0330_0;
    %cmpi/e 1, 0, 1;
    %flag_mov 8, 4;
    %jmp/0 T_17.33, 8;
    %load/vec4 v0000025f4e8cf6b0_0;
    %load/vec4 v0000025f4e8d0dd0_0;
    %add;
    %jmp/1 T_17.34, 8;
T_17.33 ; End of true expr.
    %pushi/vec4 0, 0, 32;
    %jmp/0 T_17.34, 8;
 ; End of false expr.
    %blend;
T_17.34;
    %store/vec4 v0000025f4e8cf4d0_0, 0, 32;
    %pushi/vec4 0, 0, 5;
    %store/vec4 v0000025f4e8d0d30_0, 0, 5;
    %pushi/vec4 0, 0, 32;
    %store/vec4 v0000025f4e8d0c90_0, 0, 32;
    %jmp T_17.26;
T_17.21 ;
    %load/vec4 v0000025f4e8d06f0_0;
    %cmpi/e 1, 0, 1;
    %flag_mov 8, 4;
    %jmp/0 T_17.35, 8;
    %pushi/vec4 1, 0, 1;
    %jmp/1 T_17.36, 8;
T_17.35 ; End of true expr.
    %pushi/vec4 0, 0, 1;
    %jmp/0 T_17.36, 8;
 ; End of false expr.
    %blend;
T_17.36;
    %store/vec4 v0000025f4e8d1230_0, 0, 1;
    %load/vec4 v0000025f4e8d06f0_0;
    %cmpi/e 1, 0, 1;
    %flag_mov 8, 4;
    %jmp/0 T_17.37, 8;
    %load/vec4 v0000025f4e8cf6b0_0;
    %load/vec4 v0000025f4e8d0dd0_0;
    %add;
    %jmp/1 T_17.38, 8;
T_17.37 ; End of true expr.
    %pushi/vec4 0, 0, 32;
    %jmp/0 T_17.38, 8;
 ; End of false expr.
    %blend;
T_17.38;
    %store/vec4 v0000025f4e8cf4d0_0, 0, 32;
    %pushi/vec4 0, 0, 5;
    %store/vec4 v0000025f4e8d0d30_0, 0, 5;
    %pushi/vec4 0, 0, 32;
    %store/vec4 v0000025f4e8d0c90_0, 0, 32;
    %jmp T_17.26;
T_17.22 ;
    %load/vec4 v0000025f4e8d0f10_0;
    %cmpi/e 1, 0, 1;
    %flag_mov 8, 4;
    %jmp/0 T_17.39, 8;
    %pushi/vec4 1, 0, 1;
    %jmp/1 T_17.40, 8;
T_17.39 ; End of true expr.
    %pushi/vec4 0, 0, 1;
    %jmp/0 T_17.40, 8;
 ; End of false expr.
    %blend;
T_17.40;
    %store/vec4 v0000025f4e8d1230_0, 0, 1;
    %load/vec4 v0000025f4e8d0f10_0;
    %cmpi/e 1, 0, 1;
    %flag_mov 8, 4;
    %jmp/0 T_17.41, 8;
    %load/vec4 v0000025f4e8cf6b0_0;
    %load/vec4 v0000025f4e8d0dd0_0;
    %add;
    %jmp/1 T_17.42, 8;
T_17.41 ; End of true expr.
    %pushi/vec4 0, 0, 32;
    %jmp/0 T_17.42, 8;
 ; End of false expr.
    %blend;
T_17.42;
    %store/vec4 v0000025f4e8cf4d0_0, 0, 32;
    %pushi/vec4 0, 0, 5;
    %store/vec4 v0000025f4e8d0d30_0, 0, 5;
    %pushi/vec4 0, 0, 32;
    %store/vec4 v0000025f4e8d0c90_0, 0, 32;
    %jmp T_17.26;
T_17.23 ;
    %load/vec4 v0000025f4e8cf750_0;
    %cmpi/e 1, 0, 1;
    %flag_mov 8, 4;
    %jmp/0 T_17.43, 8;
    %pushi/vec4 1, 0, 1;
    %jmp/1 T_17.44, 8;
T_17.43 ; End of true expr.
    %pushi/vec4 0, 0, 1;
    %jmp/0 T_17.44, 8;
 ; End of false expr.
    %blend;
T_17.44;
    %store/vec4 v0000025f4e8d1230_0, 0, 1;
    %load/vec4 v0000025f4e8cf750_0;
    %cmpi/e 1, 0, 1;
    %flag_mov 8, 4;
    %jmp/0 T_17.45, 8;
    %load/vec4 v0000025f4e8cf6b0_0;
    %load/vec4 v0000025f4e8d0dd0_0;
    %add;
    %jmp/1 T_17.46, 8;
T_17.45 ; End of true expr.
    %pushi/vec4 0, 0, 32;
    %jmp/0 T_17.46, 8;
 ; End of false expr.
    %blend;
T_17.46;
    %store/vec4 v0000025f4e8cf4d0_0, 0, 32;
    %pushi/vec4 0, 0, 5;
    %store/vec4 v0000025f4e8d0d30_0, 0, 5;
    %pushi/vec4 0, 0, 32;
    %store/vec4 v0000025f4e8d0c90_0, 0, 32;
    %jmp T_17.26;
T_17.24 ;
    %load/vec4 v0000025f4e8cf570_0;
    %cmpi/e 1, 0, 1;
    %flag_mov 8, 4;
    %jmp/0 T_17.47, 8;
    %pushi/vec4 1, 0, 1;
    %jmp/1 T_17.48, 8;
T_17.47 ; End of true expr.
    %pushi/vec4 0, 0, 1;
    %jmp/0 T_17.48, 8;
 ; End of false expr.
    %blend;
T_17.48;
    %store/vec4 v0000025f4e8d1230_0, 0, 1;
    %load/vec4 v0000025f4e8cf570_0;
    %cmpi/e 1, 0, 1;
    %flag_mov 8, 4;
    %jmp/0 T_17.49, 8;
    %load/vec4 v0000025f4e8cf6b0_0;
    %load/vec4 v0000025f4e8d0dd0_0;
    %add;
    %jmp/1 T_17.50, 8;
T_17.49 ; End of true expr.
    %pushi/vec4 0, 0, 32;
    %jmp/0 T_17.50, 8;
 ; End of false expr.
    %blend;
T_17.50;
    %store/vec4 v0000025f4e8cf4d0_0, 0, 32;
    %pushi/vec4 0, 0, 5;
    %store/vec4 v0000025f4e8d0d30_0, 0, 5;
    %pushi/vec4 0, 0, 32;
    %store/vec4 v0000025f4e8d0c90_0, 0, 32;
    %jmp T_17.26;
T_17.26 ;
    %pop/vec4 1;
    %jmp T_17.5;
T_17.3 ;
    %pushi/vec4 1, 0, 1;
    %store/vec4 v0000025f4e8d1230_0, 0, 1;
    %load/vec4 v0000025f4e8cf6b0_0;
    %load/vec4 v0000025f4e8d0790_0;
    %add;
    %store/vec4 v0000025f4e8cf4d0_0, 0, 32;
    %load/vec4 v0000025f4e8d0290_0;
    %store/vec4 v0000025f4e8d0d30_0, 0, 5;
    %load/vec4 v0000025f4e8cf6b0_0;
    %addi 4, 0, 32;
    %store/vec4 v0000025f4e8d0c90_0, 0, 32;
    %jmp T_17.5;
T_17.5 ;
    %pop/vec4 1;
    %jmp T_17;
    .thread T_17, $push;
    .scope S_0000025f4e8ea470;
T_18 ;
    %wait E_0000025f4e50f8a0;
    %load/vec4 v0000025f4e8e7c40_0;
    %cmpi/e 0, 0, 1;
    %jmp/0xz  T_18.0, 4;
    %pushi/vec4 0, 0, 32;
    %store/vec4 v0000025f4e8e7b00_0, 0, 32;
    %jmp T_18.1;
T_18.0 ;
    %load/vec4 v0000025f4e8e7ce0_0;
    %load/vec4 v0000025f4e8e8320_0;
    %cmp/e;
    %jmp/0xz  T_18.2, 4;
    %load/vec4 v0000025f4e8e81e0_0;
    %store/vec4 v0000025f4e8e7b00_0, 0, 32;
    %jmp T_18.3;
T_18.2 ;
    %load/vec4 v0000025f4e8e7ce0_0;
    %pad/u 7;
    %ix/vec4 4;
    %load/vec4a v0000025f4e8e8a00, 4;
    %store/vec4 v0000025f4e8e7b00_0, 0, 32;
T_18.3 ;
T_18.1 ;
    %jmp T_18;
    .thread T_18, $push;
    .scope S_0000025f4e8ea470;
T_19 ;
    %wait E_0000025f4e50fc20;
    %load/vec4 v0000025f4e8e7c40_0;
    %cmpi/e 0, 0, 1;
    %jmp/0xz  T_19.0, 4;
    %pushi/vec4 0, 0, 32;
    %store/vec4 v0000025f4e8e8280_0, 0, 32;
    %jmp T_19.1;
T_19.0 ;
    %load/vec4 v0000025f4e8e7a60_0;
    %load/vec4 v0000025f4e8e8320_0;
    %cmp/e;
    %jmp/0xz  T_19.2, 4;
    %load/vec4 v0000025f4e8e81e0_0;
    %store/vec4 v0000025f4e8e8280_0, 0, 32;
    %jmp T_19.3;
T_19.2 ;
    %load/vec4 v0000025f4e8e7a60_0;
    %pad/u 7;
    %ix/vec4 4;
    %load/vec4a v0000025f4e8e8a00, 4;
    %store/vec4 v0000025f4e8e8280_0, 0, 32;
T_19.3 ;
T_19.1 ;
    %jmp T_19;
    .thread T_19, $push;
    .scope S_0000025f4e8ea470;
T_20 ;
    %wait E_0000025f4e516820;
    %load/vec4 v0000025f4e8e7c40_0;
    %cmpi/e 0, 0, 1;
    %jmp/0xz  T_20.0, 4;
    %pushi/vec4 0, 0, 32;
    %store/vec4 v0000025f4e8e7920_0, 0, 32;
T_20.2 ;
    %load/vec4 v0000025f4e8e7920_0;
    %cmpi/u 32, 0, 32;
    %jmp/0xz T_20.3, 5;
    %pushi/vec4 0, 0, 32;
    %ix/getv/s 3, v0000025f4e8e7920_0;
    %ix/load 4, 0, 0; Constant delay
    %assign/vec4/a/d v0000025f4e8e8a00, 0, 4;
    %load/vec4 v0000025f4e8e7920_0;
    %addi 1, 0, 32;
    %store/vec4 v0000025f4e8e7920_0, 0, 32;
    %jmp T_20.2;
T_20.3 ;
    %jmp T_20.1;
T_20.0 ;
    %load/vec4 v0000025f4e8e83c0_0;
    %cmpi/e 1, 0, 1;
    %jmp/0xz  T_20.4, 4;
    %load/vec4 v0000025f4e8e81e0_0;
    %load/vec4 v0000025f4e8e8320_0;
    %pad/u 7;
    %ix/vec4 3;
    %ix/load 4, 0, 0; Constant delay
    %assign/vec4/a/d v0000025f4e8e8a00, 0, 4;
T_20.4 ;
T_20.1 ;
    %jmp T_20;
    .thread T_20;
    .scope S_0000025f4e87ea90;
T_21 ;
    %wait E_0000025f4e516b20;
    %load/vec4 v0000025f4e874ff0_0;
    %cmpi/e 1, 0, 1;
    %jmp/0xz  T_21.0, 4;
    %pushi/vec4 1, 0, 1;
    %store/vec4 v0000025f4e873b50_0, 0, 1;
    %jmp T_21.1;
T_21.0 ;
    %pushi/vec4 0, 0, 1;
    %store/vec4 v0000025f4e873b50_0, 0, 1;
T_21.1 ;
    %jmp T_21;
    .thread T_21, $push;
    .scope S_0000025f4e87ea90;
T_22 ;
    %wait E_0000025f4e516b20;
    %load/vec4 v0000025f4e874ff0_0;
    %cmpi/e 1, 0, 1;
    %jmp/0xz  T_22.0, 4;
    %pushi/vec4 1, 0, 1;
    %store/vec4 v0000025f4e874550_0, 0, 1;
    %jmp T_22.1;
T_22.0 ;
    %pushi/vec4 0, 0, 1;
    %store/vec4 v0000025f4e874550_0, 0, 1;
T_22.1 ;
    %jmp T_22;
    .thread T_22, $push;
    .scope S_0000025f4e87ea90;
T_23 ;
    %wait E_0000025f4e516820;
    %load/vec4 v0000025f4e8740f0_0;
    %cmpi/e 0, 0, 1;
    %jmp/0xz  T_23.0, 4;
    %pushi/vec4 0, 0, 1;
    %assign/vec4 v0000025f4e8742d0_0, 0;
    %jmp T_23.1;
T_23.0 ;
    %load/vec4 v0000025f4e874870_0;
    %assign/vec4 v0000025f4e8742d0_0, 0;
T_23.1 ;
    %jmp T_23;
    .thread T_23;
    .scope S_0000025f4e51e820;
T_24 ;
    %pushi/vec4 0, 0, 1;
    %store/vec4 v0000025f4e8ed380_0, 0, 1;
    %pushi/vec4 0, 0, 1;
    %assign/vec4 v0000025f4e8ecf20_0, 0;
    %delay 10, 0;
    %pushi/vec4 1, 0, 1;
    %assign/vec4 v0000025f4e8ecf20_0, 0;
    %end;
    .thread T_24;
    .scope S_0000025f4e51e820;
T_25 ;
    %delay 10, 0;
    %load/vec4 v0000025f4e8ed380_0;
    %inv;
    %store/vec4 v0000025f4e8ed380_0, 0, 1;
    %jmp T_25;
    .thread T_25;
    .scope S_0000025f4e51e820;
T_26 ;
    %vpi_call 2 24 "$readmemb", "./self_tests/BEQ.txt", v0000025f4e8ebf80 {0 0 0};
    %end;
    .thread T_26;
    .scope S_0000025f4e51e820;
T_27 ;
T_27.0 ;
    %pushi/vec4 1, 0, 32;
    %or/r;
    %flag_set/vec4 8;
    %jmp/0xz T_27.1, 8;
    %wait E_0000025f4e516820;
    %vpi_call 2 31 "$display", "PC register value is %d", v0000025f4e8e7740_0 {0 0 0};
    %vpi_call 2 32 "$display", "x3 register value is %d", &A<v0000025f4e8e8a00, 3> {0 0 0};
    %vpi_call 2 33 "$display", "x4 register value is %d", &A<v0000025f4e8e8a00, 4> {0 0 0};
    %vpi_call 2 34 "$display", "x5 register value is %d", &A<v0000025f4e8e8a00, 5> {0 0 0};
    %vpi_call 2 35 "$display", "---------------------------" {0 0 0};
    %vpi_call 2 36 "$display", "---------------------------" {0 0 0};
    %jmp T_27.0;
T_27.1 ;
    %end;
    .thread T_27;
    .scope S_0000025f4e51e820;
T_28 ;
    %vpi_call 2 61 "$dumpfile", "./generated/tb.vcd" {0 0 0};
    %vpi_call 2 62 "$dumpvars", 32'sb00000000000000000000000000000000, S_0000025f4e51e820 {0 0 0};
    %end;
    .thread T_28;
    .scope S_0000025f4e51e820;
T_29 ;
    %delay 1000, 0;
    %vpi_call 2 67 "$finish" {0 0 0};
    %end;
    .thread T_29;
# The file index is used to find the file name in the following table.
:file_names 16;
    "N/A";
    "<interactive>";
    "tb.v";
    "../rtl//cpu_top.v";
    "../rtl//cpu_core.v";
    "../rtl//CU.v";
    "../rtl//EXU.v";
    "../rtl//ALU.v";
    "../rtl//IDEXU.v";
    "../rtl//DFF.v";
    "../rtl//IDU.v";
    "../rtl//IFIDU.v";
    "../rtl//IFU.v";
    "../rtl//PC.v";
    "../rtl//regs.v";
    "../rtl//ins_rom.v";
